5
6
18
9
2
19
100
32 50
33 50
20 50
45 50
43 50
29 50
21 50
38 50
46 50
17 50
25 50
48 50
0 50
36 50
37 50
28 50
39 50
0 8
0 30
27 50
12 50
4 50
8 50
47 50
24 50
13 50
41 50
31 50
44 50
3 50
5 50
22 50
30 50
15 50
11 50
26 50
49 50
34 50
0 44
23 50
10 50
16 50
14 50
35 50
40 50
1 50
42 50
21 7
33 7
23 7
24 7
13 7
46 7
0 20
15 7
45 7
31 7
40 7
37 7
22 7
48 7
29 7
14 7
36 7
20 7
0 45
25 7
31 23
49 7
39 7
0 12
8 7
43 7
12 7
0 31
3 7
27 7
35 7
41 7
0 14
4 7
0 7
11 7
1 7
30 7
32 7
28 7
16 7
38 7
44 7
0 1
26 7
0 41
10 7
5 7
42 7
17 7
0 36
47 7
0 39
