5
64
67
28
2
5
100
64 79
67 79
28 79
15 79
5 79
0 76
0 1
48 79
8 79
13 79
44 79
58 79
10 79
0 59
32 38
60 59
19 59
40 59
41 44
25 59
74 59
8 59
72 59
21 50
0 21
50 59
20 59
29 59
9 42
20 42
10 42
75 42
21 42
7 42
65 42
4 42
6 42
35 66
18 66
23 66
0 14
58 66
0 54
9 66
33 66
44 66
0 32
45 66
57 66
0 61
74 66
49 66
65 55
26 55
43 55
61 55
35 55
15 55
37 55
19 55
74 55
21 55
58 52
70 52
0 15
0 40
45 38
50 52
0 16
57 52
0 17
43 47
68 52
70 54
15 52
56 52
37 52
31 53
73 53
50 53
70 53
24 53
39 53
27 53
71 53
63 53
43 53
34 48
47 53
68 53
14 36
11 36
31 36
47 36
74 36
39 36
21 36
4 36
70 13
70 34
