5
70
23
42
49
3
100
0 69
87 90
0 63
0 79
0 11
16 90
28 90
54 90
0 29
69 90
0 44
34 90
30 90
65 90
61 90
81 90
58 90
35 90
71 90
0 83
0 64
6 90
12 90
67 90
0 39
0 61
0 75
8 90
0 90
72 90
38 90
74 90
46 90
21 90
22 90
89 90
76 90
4 90
80 90
48 90
0 55
50 90
62 90
7 90
0 62
0 56
0 5
1 90
9 90
86 90
32 90
0 76
79 90
0 30
43 90
45 90
0 87
64 90
52 90
27 90
11 90
15 90
10 90
14 90
2 90
0 59
18 90
77 90
5 90
19 90
56 90
40 90
39 90
31 90
88 90
68 90
73 90
41 90
82 90
51 90
78 90
60 90
13 90
85 90
25 90
7 36
53 36
21 36
37 36
27 36
64 36
0 36
73 36
0 43
0 19
0 74
0 65
0 35
0 73
0 78
