5
62
66
77
6
71
100
18 95
70 95
0 55
71 95
0 76
34 95
10 95
5 95
0 85
83 95
66 95
56 95
11 95
0 92
40 95
31 95
89 95
7 95
33 95
28 95
23 95
6 95
1 95
59 95
44 95
17 95
61 95
0 95
72 95
13 95
60 95
90 95
35 95
41 95
55 95
0 20
26 95
91 95
84 95
0 7
32 95
75 95
78 95
51 95
8 95
58 95
21 95
63 95
80 95
93 95
85 95
82 95
48 95
52 95
20 95
79 95
86 95
87 95
92 95
37 95
24 95
38 95
53 95
30 95
12 95
22 95
19 95
25 95
94 95
45 95
65 95
15 95
4 95
29 95
88 95
69 95
42 95
9 95
64 95
57 95
73 95
47 95
68 95
2 95
39 95
27 95
74 95
76 95
14 95
49 95
16 95
54 95
3 95
81 95
46 95
43 95
50 95
36 95
70 67
49 67
