5
48
51
95
67
93
100
58 99
64 99
12 99
85 99
82 99
68 99
0 26
0 1
8 99
71 99
63 99
14 99
0 89
57 99
23 99
90 99
83 99
29 99
50 99
16 99
49 99
0 61
81 99
60 99
0 14
1 99
89 99
35 99
87 99
92 99
53 99
77 99
0 50
76 99
46 99
72 99
61 99
74 99
9 99
59 99
33 99
98 99
0 88
34 99
0 81
0 16
43 99
15 99
20 99
75 99
55 99
0 90
27 99
54 99
44 99
0 99
31 99
45 99
94 99
5 99
62 99
73 99
24 99
17 99
10 99
28 99
79 99
18 99
39 99
25 99
30 99
13 99
52 99
4 99
96 99
19 99
78 99
70 99
97 99
42 99
80 99
21 99
6 99
36 99
41 99
26 99
37 99
2 99
32 99
3 99
56 99
40 99
91 99
84 99
47 99
69 99
11 99
7 99
65 99
38 99
