5
91
13
76
12
82
100
95 96
9 96
11 96
22 96
0 51
62 96
4 96
40 96
28 96
65 96
15 96
89 96
56 96
27 96
10 96
20 96
55 96
0 42
0 22
74 96
64 96
57 96
49 96
30 96
67 96
72 96
66 96
83 96
33 96
60 96
78 96
0 96
14 96
84 96
26 96
80 96
5 96
0 75
81 96
17 96
34 96
18 96
69 96
53 96
75 96
0 87
37 96
47 96
35 96
42 96
36 96
8 96
6 96
79 96
48 96
86 96
24 96
32 96
7 96
2 96
0 46
0 92
0 57
63 96
25 96
70 96
90 96
46 96
45 96
50 96
1 96
59 96
68 96
92 96
39 96
54 96
3 96
29 96
93 96
51 96
31 96
44 96
52 96
88 96
61 96
71 96
21 96
41 96
0 14
85 96
23 96
73 96
58 96
16 96
87 96
38 96
19 96
77 96
0 63
94 96
