0
96
94 99
0 15
3 37
52 99
5 53
50 99
86 99
25 99
38 99
46 38
37 38
18 9
64 9
36 9
0 98
75 87
72 87
55 15
8 87
37 56
12 56
93 56
0 29
61 70
0 3
91 23
10 89
37 63
42 63
8 63
7 33
4 22
78 59
10 81
80 58
46 58
39 58
25 53
85 74
43 42
19 42
2 42
96 42
68 11
72 1
68 78
37 17
27 21
83 21
26 66
83 66
7 66
3 77
18 3
24 6
35 6
69 29
76 50
20 31
96 71
49 47
75 11
93 11
15 8
16 8
23 34
90 53
1 49
45 76
75 45
89 95
65 45
98 19
84 30
95 51
88 51
69 61
84 44
48 54
28 40
30 14
48 82
73 28
27 28
97 28
65 37
82 19
62 67
20 29
62 81
7 4
18 83
30 26
54 97
82 37
30 97
