5
41
92
48
60
7
100
22 99
29 38
3 38
54 38
67 38
0 95
86 82
8 98
64 82
10 82
21 8
32 79
1 82
80 24
21 37
77 24
39 69
16 69
20 69
81 69
87 69
85 69
81 85
46 85
11 85
75 73
32 36
32 19
3 36
32 50
29 36
58 36
90 36
37 36
65 17
65 57
12 36
56 36
34 2
88 2
65 84
65 51
65 91
75 2
29 2
16 84
26 2
65 68
65 78
88 83
52 2
67 80
80 4
22 4
40 4
86 58
61 4
51 4
26 4
86 71
86 11
8 4
87 68
57 17
76 17
23 17
28 91
79 16
47 25
58 91
98 16
45 58
1 40
19 20
11 39
87 47
10 90
87 26
55 5
56 64
56 13
19 13
19 34
79 81
11 55
76 90
89 46
42 68
79 28
30 6
3 23
57 6
37 6
98 74
28 74
80 59
51 8
35 77
40 77
43 77
