5
20
6
96
68
8
100
0 75
48 11
0 30
0 96
79 99
0 48
45 99
75 99
34 99
4 99
87 99
54 65
89 99
0 70
17 88
10 99
24 99
39 99
34 32
0 17
73 99
83 99
25 99
59 99
53 99
5 99
51 99
0 99
42 99
21 99
22 99
0 87
0 26
43 99
0 94
90 99
55 99
41 99
81 99
7 99
82 19
71 99
15 99
32 99
47 99
2 99
19 99
31 99
23 99
14 99
33 99
92 99
82 21
77 99
86 99
91 99
12 99
13 99
84 99
58 99
69 99
56 99
46 99
0 34
26 99
30 99
72 99
48 99
44 99
0 10
61 99
65 99
57 99
28 99
38 99
1 99
82 99
40 99
66 99
85 99
88 99
74 99
80 99
0 4
0 82
36 99
44 18
11 99
67 99
71 49
93 99
29 99
4 18
49 99
18 99
76 99
60 99
50 99
3 99
94 99
