5
52
95
53
6
64
100
0 99
92 99
36 99
0 72
44 99
45 99
78 99
0 80
34 99
90 99
41 99
23 99
24 99
67 99
58 99
69 99
96 99
37 99
82 99
26 99
68 99
98 99
16 99
66 99
85 99
80 99
21 99
59 99
28 99
84 99
87 99
10 99
79 99
4 99
15 99
33 99
93 99
3 99
62 99
1 99
11 99
18 99
40 99
31 99
17 99
75 99
2 99
60 99
86 99
43 99
49 99
12 99
71 99
74 99
5 99
73 99
61 99
32 99
77 99
46 99
20 99
81 99
55 99
94 99
56 99
57 99
89 99
65 99
27 99
50 99
63 99
70 99
91 99
14 99
30 99
19 99
8 99
54 99
83 99
22 99
88 99
39 99
42 99
9 99
76 99
72 99
35 99
47 99
97 99
29 99
7 99
38 99
13 99
25 99
51 99
84 48
42 48
4 48
34 48
16 48
