5
60
48
23
78
20
100
49 99
58 99
0 19
79 99
77 99
92 99
90 99
76 99
15 99
87 99
83 99
6 99
52 99
84 99
0 99
66 99
25 99
50 99
82 99
30 99
67 99
97 99
85 99
0 69
3 99
94 99
72 99
88 99
59 99
74 99
89 99
29 99
80 99
54 99
56 99
8 99
45 99
31 99
75 99
98 99
93 99
5 99
37 99
43 99
65 99
69 99
24 99
70 71
2 71
81 71
30 71
44 71
85 71
95 71
32 71
90 71
35 71
68 71
0 71
33 71
29 71
88 71
9 71
13 71
77 71
4 71
76 71
12 71
45 71
73 71
82 71
40 71
72 71
61 71
14 71
87 71
75 71
79 71
91 71
46 71
0 58
55 71
86 71
92 37
10 71
80 71
56 71
0 2
39 71
66 71
98 71
26 71
17 71
22 71
0 61
90 19
66 19
2 19
53 19
61 19
