5
91
31
83
80
26
100
77 99
22 99
25 99
15 99
74 99
18 99
7 99
95 99
96 99
21 99
20 99
73 99
0 6
71 99
13 99
28 99
5 99
67 99
76 99
1 99
10 99
16 99
94 99
66 99
0 98
90 99
2 99
93 99
87 99
88 99
79 99
23 99
30 99
6 99
84 99
12 99
72 99
89 99
8 99
65 99
24 99
9 99
82 99
86 99
27 99
92 99
97 99
19 99
33 99
78 99
17 99
32 99
56 70
68 99
14 99
29 99
75 99
70 99
85 99
81 99
69 99
4 99
11 99
19 3
10 3
18 3
25 3
87 3
85 3
16 3
0 3
1 3
9 3
76 3
79 3
77 3
81 3
8 3
90 3
75 3
69 3
21 3
24 3
98 3
89 3
12 3
78 3
20 3
17 3
6 3
29 3
86 3
23 3
36 3
74 3
35 3
27 3
88 3
22 3
70 3
