5
39
45
35
8
89
100
55 99
22 99
95 99
34 99
71 99
90 99
9 99
7 99
84 99
0 55
40 99
20 99
33 99
51 99
16 99
57 99
87 99
3 99
19 99
15 99
69 99
18 99
67 99
60 99
74 99
17 99
21 99
94 99
76 99
63 99
32 99
77 99
24 99
80 99
49 99
14 99
48 99
98 99
81 99
56 99
64 99
36 99
78 99
5 99
79 99
6 99
0 43
25 99
50 99
28 99
72 99
1 99
86 99
54 99
13 99
23 99
37 99
46 99
27 99
30 99
47 99
4 99
0 59
92 99
65 99
82 99
96 99
43 99
97 99
26 99
85 99
30 52
77 52
0 52
33 52
79 52
59 52
95 52
32 52
25 52
31 52
51 52
90 52
19 52
85 52
78 52
1 52
74 52
72 52
13 52
28 52
97 52
23 52
20 52
10 52
48 52
47 52
0 34
24 52
0 26
