5
71
18
43
23
58
100
40 99
87 99
85 99
98 99
59 99
83 99
81 88
97 88
55 88
42 88
7 88
48 88
63 88
9 3
70 3
48 3
29 3
38 3
98 3
13 55
56 55
97 55
79 55
0 54
44 55
41 55
82 55
10 55
38 55
8 55
70 63
0 63
28 63
44 63
91 63
89 63
0 30
41 63
75 63
34 63
6 63
17 63
11 63
98 86
91 86
59 86
19 86
81 86
36 72
30 72
31 72
76 72
40 72
0 32
19 72
64 72
4 9
0 16
76 9
0 59
67 9
82 9
95 9
0 10
97 9
29 52
0 64
32 9
14 9
35 37
57 37
0 6
62 37
79 37
13 44
48 44
10 44
50 44
6 44
42 44
64 5
39 5
0 74
29 90
59 5
40 5
29 12
14 5
83 5
29 15
29 66
96 4
96 94
96 69
96 31
81 59
62 51
62 40
62 8
62 95
