5
87
46
74
3
85
100
67 99
78 99
51 99
97 98
73 98
40 17
16 17
18 17
1 39
83 82
48 81
71 8
79 80
2 23
8 7
78 7
5 6
71 70
4 6
57 69
70 69
2 61
2 71
11 12
10 9
11 33
10 4
37 38
78 29
59 69
68 69
10 18
65 29
92 29
28 29
30 29
66 67
20 67
75 67
25 89
33 91
10 37
86 50
86 33
73 77
83 20
51 50
73 50
52 53
84 20
21 91
95 91
19 92
70 94
20 95
31 64
43 64
63 97
39 77
78 77
27 77
62 76
15 16
50 16
39 5
70 16
9 4
56 4
83 84
23 70
48 49
36 50
14 13
61 66
65 66
64 27
26 27
65 64
63 64
9 53
33 55
56 55
18 55
38 43
60 44
42 43
57 61
60 61
30 60
23 60
39 56
8 9
32 31
15 20
83 39
33 38
21 20
23 24
39 38
47 48
