5
14
36
44
59
2
100
13 60
35 60
57 60
40 60
0 16
59 60
15 60
2 11
21 11
50 11
9 11
22 11
13 11
0 9
48 11
23 11
41 11
42 11
55 11
31 11
40 11
6 11
35 11
24 11
0 2
0 22
16 11
0 21
0 50
27 11
37 11
25 11
49 11
34 11
33 11
4 11
38 11
7 11
53 11
1 11
43 11
51 11
57 11
58 11
3 11
46 11
30 11
54 11
5 11
17 11
29 11
26 11
20 11
45 11
15 11
18 11
10 11
47 11
52 11
8 11
56 11
39 11
12 11
32 11
28 11
13 19
24 19
53 19
58 19
38 19
43 19
27 19
7 19
25 19
34 19
1 19
4 19
8 19
16 19
57 19
33 19
9 19
48 19
37 19
35 19
49 19
52 19
31 19
51 19
32 19
12 19
40 19
45 19
5 19
18 19
10 19
56 19
22 19
47 19
46 19
