3
49
95
53
87
54 99
98 99
15 8
0 10
0 46
26 75
30 43
30 87
30 63
66 45
79 45
44 45
1 86
48 74
10 39
38 87
44 86
75 86
70 96
28 63
54 87
83 87
90 87
23 94
44 94
79 12
21 35
37 35
76 65
3 65
73 65
79 37
79 21
72 35
42 35
82 35
33 59
82 59
54 48
11 43
27 43
69 5
73 5
41 5
64 3
28 11
6 11
75 98
84 57
40 98
32 58
29 58
2 58
85 25
1 57
93 57
20 57
61 55
85 50
93 55
85 78
69 47
62 44
64 13
24 1
23 47
76 47
69 40
93 25
82 77
41 12
46 25
28 47
74 62
70 77
37 19
18 76
81 76
61 71
2 6
46 34
23 34
66 34
88 39
50 46
32 27
77 7
