5
18
68
6
29
76
100
17 99
0 99
84 99
51 99
12 99
70 99
61 99
0 13
43 99
78 99
77 99
75 99
36 99
11 99
0 73
53 99
33 83
26 13
87 99
16 99
27 99
21 99
34 99
48 99
47 99
42 99
13 99
19 99
73 99
74 99
49 99
23 99
15 99
62 99
82 99
25 99
9 99
2 99
64 99
5 99
8 99
38 99
58 99
0 84
72 99
56 99
63 99
90 99
88 99
1 99
45 99
39 99
66 99
40 99
41 99
22 99
35 99
65 99
14 99
26 99
50 99
94 99
80 99
81 99
95 99
31 99
85 99
0 26
92 99
10 99
57 99
55 99
28 99
7 99
60 99
54 99
86 99
0 20
98 99
33 99
44 99
96 99
0 67
3 99
93 99
0 36
67 99
30 99
0 33
4 99
46 99
52 99
59 99
97 99
24 99
69 99
0 21
83 21
63 89
61 89
