5
20
84
30
62
77
100
56 95
9 95
92 95
22 95
18 95
32 95
79 95
2 95
42 95
48 95
19 95
74 95
37 95
63 95
44 95
50 95
72 95
58 95
33 95
13 95
61 95
15 95
4 95
59 95
31 95
5 95
39 95
28 95
0 32
94 95
38 95
53 95
80 95
0 45
0 42
17 19
0 28
47 95
10 95
7 95
29 95
8 95
35 95
87 95
73 95
94 40
52 95
45 95
88 95
66 95
78 95
41 95
86 95
26 95
83 95
0 95
0 94
34 95
14 95
55 95
6 95
12 95
76 95
46 95
57 95
89 95
70 95
85 95
3 95
54 95
25 95
40 95
67 95
23 95
0 41
82 95
21 95
11 95
75 95
43 95
68 95
60 95
71 95
16 95
1 95
91 95
64 95
93 95
81 95
27 95
0 23
49 95
17 95
36 95
65 95
69 95
90 95
51 95
44 24
32 24
