5
29
86
23
93
83
100
59 99
0 4
85 87
92 99
21 99
53 99
66 99
0 88
42 99
12 99
56 99
61 70
0 14
46 99
30 99
95 41
0 19
96 99
77 99
75 99
26 40
0 61
81 99
60 52
0 94
84 52
0 95
19 52
0 26
58 52
0 24
39 52
91 17
65 52
9 52
22 52
16 81
69 81
43 81
40 81
98 81
44 81
89 81
79 81
62 81
14 81
0 91
0 46
0 43
9 81
58 22
10 22
38 22
24 22
63 87
36 22
20 22
97 22
27 79
35 22
58 18
57 22
79 22
69 22
90 19
10 19
27 40
27 63
45 19
17 19
74 19
97 19
38 19
53 19
51 84
90 84
72 84
61 84
33 84
36 84
39 84
78 69
1 69
31 69
41 69
95 69
59 69
8 69
65 69
30 69
36 69
33 69
64 69
3 69
49 69
14 45
27 7
27 58
27 10
89 45
