5
9
87
26
6
29
100
65 99
28 99
45 99
31 99
58 99
80 99
46 99
0 99
1 99
38 99
41 99
48 99
89 99
67 99
0 63
55 99
64 99
0 81
95 99
54 99
3 99
81 99
69 99
44 99
0 30
19 99
84 99
68 99
92 99
50 99
15 99
53 99
63 99
13 99
8 99
2 99
78 99
33 99
88 99
52 99
0 84
35 99
43 99
73 99
96 99
0 41
34 99
91 99
71 99
14 99
12 99
94 99
75 99
25 99
49 99
51 99
7 99
40 99
93 99
0 12
22 99
57 99
30 99
36 99
5 99
20 99
97 99
82 99
42 99
83 99
0 67
70 99
23 99
59 99
39 99
56 99
32 99
77 99
18 99
37 99
4 99
17 99
11 99
27 99
62 99
60 99
85 99
21 99
98 99
61 99
93 72
48 72
49 72
0 68
0 39
0 32
0 89
0 83
0 33
0 28
