2
58
79
93
6 99
11 99
62 99
0 89
70 4
0 32
40 13
85 60
4 60
24 60
41 68
45 78
3 78
96 78
55 78
43 83
27 38
33 83
6 97
96 10
26 37
67 10
26 65
16 55
52 22
17 28
23 96
61 28
43 45
75 8
18 65
75 50
84 65
2 65
37 98
16 6
82 66
36 9
3 84
88 84
6 2
2 84
1 34
53 85
63 85
82 92
18 85
8 20
70 91
82 90
64 71
1 89
95 6
81 46
30 63
45 46
42 30
11 66
51 50
92 50
29 67
86 39
96 48
53 39
73 62
98 71
35 38
91 32
38 32
72 67
4 44
25 18
49 42
57 18
57 94
35 88
81 51
7 5
66 12
86 5
4 98
7 48
18 48
14 48
88 36
69 4
87 94
51 80
69 6
6 7
77 7
52 21
21 62
