5
72
82
60
32
78
100
54 93
23 93
34 93
53 93
67 93
65 93
20 93
89 93
74 93
38 93
81 93
2 93
17 93
28 93
84 93
79 93
30 93
26 93
37 93
45 93
0 2
0 93
31 93
56 93
83 93
90 93
0 5
55 93
3 93
91 93
33 93
22 93
18 93
46 93
57 93
36 93
69 93
7 93
47 93
52 93
9 93
50 93
68 93
86 93
15 93
21 93
10 93
0 49
0 19
76 93
62 93
64 93
29 93
63 93
77 93
49 93
88 93
0 13
42 93
5 93
80 93
44 93
11 93
27 93
8 93
0 14
85 93
12 93
1 93
58 93
70 93
40 93
92 93
13 93
0 35
16 93
14 93
39 93
6 93
75 93
25 93
87 93
4 93
43 93
59 93
41 93
71 93
61 93
24 93
19 93
48 93
51 93
66 93
35 93
80 73
27 73
41 73
54 73
88 73
18 73
