5
2
3
7
64
15
100
0 79
77 79
50 79
78 79
26 1
4 1
34 1
31 1
18 1
73 1
38 1
36 1
61 1
54 1
22 1
19 1
28 1
58 1
48 1
11 1
60 1
42 1
53 1
68 1
72 1
77 1
16 1
41 1
49 1
9 1
14 1
4 70
69 1
59 1
30 1
70 1
6 1
44 1
8 1
43 1
10 1
4 63
41 63
19 63
22 63
0 73
75 73
67 73
48 73
4 73
16 73
47 73
66 73
42 11
0 16
0 21
69 21
45 21
0 8
0 35
40 35
23 56
58 71
0 71
62 71
76 71
14 71
4 65
61 65
29 65
49 65
39 6
14 10
9 10
0 33
53 33
48 33
27 4
62 4
18 4
17 4
30 4
51 4
22 4
39 4
47 4
19 41
17 41
31 12
0 60
38 60
72 60
31 52
55 52
59 52
5 52
78 72
32 72
0 70
0 69
