5
49
39
7
5
88
100
31 99
55 99
38 99
89 99
32 99
30 99
45 99
0 10
86 99
54 99
4 99
29 99
51 99
61 99
16 99
10 99
25 99
34 99
46 99
9 99
75 99
21 99
60 99
85 99
71 99
14 99
66 99
42 99
40 99
11 99
87 99
47 99
59 99
1 99
81 99
76 99
36 99
22 99
83 99
44 99
56 99
50 99
57 99
6 99
52 99
80 99
82 99
98 99
0 85
43 99
3 99
33 99
0 72
35 99
2 99
37 99
15 99
41 99
70 99
0 99
78 99
74 99
48 99
20 99
13 99
28 99
88 99
77 99
24 99
17 99
96 99
97 99
95 99
19 99
72 99
0 21
91 99
67 99
0 53
62 99
69 99
43 41
93 99
73 99
63 99
64 99
90 99
27 99
18 99
0 6
12 99
8 99
68 99
79 99
53 99
94 99
51 26
25 26
24 26
82 26
