5
52
63
18
45
14
100
15 99
3 99
29 99
53 99
7 99
62 99
83 3
0 6
38 99
90 99
0 37
50 99
4 99
26 5
59 99
64 96
43 96
16 96
0 83
56 96
13 96
0 26
49 36
31 36
27 36
75 36
40 36
46 36
83 36
28 36
0 53
64 36
34 12
46 12
31 12
92 12
1 12
6 12
91 4
85 12
24 12
26 12
0 25
73 28
33 28
62 28
92 28
64 28
54 28
73 8
83 8
49 8
98 8
6 8
25 13
44 13
30 13
46 13
5 13
23 13
11 13
80 42
4 42
0 58
0 91
0 76
87 32
37 42
47 42
75 21
88 92
11 42
1 42
88 68
88 73
78 42
19 55
38 55
86 55
88 30
88 60
1 94
88 72
86 95
41 55
24 15
77 55
7 55
97 55
1 66
1 86
93 55
41 83
32 83
38 83
69 83
98 83
72 68
60 83
72 23
