5
62
52
89
73
45
100
42 99
40 99
24 99
13 99
27 99
54 99
68 99
16 99
64 99
6 99
19 99
94 99
38 99
46 99
78 99
81 99
61 99
20 99
93 99
15 99
2 99
41 99
0 21
44 99
60 99
17 99
65 99
55 99
80 99
51 99
90 99
1 99
39 99
9 99
11 99
97 99
87 99
50 99
63 99
56 99
76 99
14 99
35 99
71 99
72 99
7 99
86 99
95 99
34 99
0 5
21 99
84 99
5 99
48 99
10 99
30 99
53 99
59 99
92 99
91 99
0 99
3 99
69 99
32 99
88 99
25 99
83 99
85 99
49 99
31 99
0 9
18 99
23 99
33 99
0 77
79 99
74 99
47 99
22 99
98 99
29 99
58 99
37 99
28 99
4 99
0 66
96 99
0 33
0 67
0 46
0 34
0 16
0 84
0 96
0 92
0 76
0 80
0 30
0 56
0 75
