1
41
94
44 99
90 99
51 99
39 38
27 33
1 39
34 39
65 39
95 40
21 40
89 40
34 40
82 44
43 44
69 44
8 37
45 48
6 29
19 29
3 29
0 2
26 29
24 29
28 29
25 29
81 27
42 9
12 9
58 9
0 20
0 1
0 76
2 6
20 5
10 5
4 5
25 5
16 12
73 12
2 30
22 30
32 31
11 8
7 8
21 8
68 78
78 8
3 81
24 80
18 82
94 82
57 82
3 2
3 1
24 23
32 23
25 23
35 23
17 22
18 2
92 4
3 84
55 77
3 10
52 34
24 62
10 22
46 18
97 22
58 22
4 22
15 14
17 67
71 66
68 66
87 65
53 65
16 4
11 4
62 2
76 1
1 4
86 1
42 20
6 17
24 17
63 88
70 24
68 73
50 54
71 24
74 18
61 62
98 54
