5
66
14
48
6
68
100
26 96
52 96
86 96
32 96
31 96
8 96
50 96
3 96
72 96
24 96
54 96
58 96
35 96
78 96
61 96
63 70
71 70
31 70
65 70
37 70
81 70
58 70
0 33
39 70
32 70
0 54
0 56
41 70
0 94
51 70
0 46
0 30
26 70
0 61
67 70
53 70
76 70
90 70
20 70
44 70
94 70
23 70
10 70
62 70
69 70
0 89
40 70
91 61
0 53
20 61
44 61
89 61
69 61
86 61
22 61
78 61
10 61
73 61
34 61
65 61
51 61
82 18
0 36
50 61
3 61
0 63
0 82
0 11
0 84
0 24
90 61
85 61
18 61
51 8
62 8
86 8
11 8
56 8
27 8
74 8
0 67
34 20
0 86
44 30
0 34
39 8
20 8
30 8
83 8
84 8
78 8
87 8
5 8
59 8
43 8
88 13
88 44
88 67
88 15
88 86
