5
15
17
11
65
60
100
66 74
28 74
46 74
43 74
73 74
71 74
44 74
0 32
48 74
33 74
54 74
40 74
58 74
42 74
38 74
23 74
30 74
0 20
32 74
31 74
25 74
57 74
0 40
0 7
59 74
35 74
55 74
3 74
1 74
10 74
0 69
24 74
20 74
67 74
56 74
4 74
21 74
60 74
2 74
45 74
0 38
36 74
8 74
34 74
51 74
69 74
39 74
70 74
37 74
18 74
27 74
29 74
0 74
7 74
12 74
64 74
52 74
6 74
16 74
49 74
63 74
47 74
9 74
14 74
46 65
13 74
61 74
26 74
19 74
53 74
19 68
68 74
50 74
72 74
0 62
5 74
41 74
22 74
48 62
41 62
52 62
36 62
14 62
59 62
67 62
66 62
22 62
1 62
7 62
54 62
55 62
33 62
49 62
10 62
4 62
0 48
3 62
13 62
0 60
68 62
