5
12
87
44
60
25
86
0 99
1 99
0 98
5 7
95 97
73 75
77 79
90 92
26 28
42 43
52 54
35 37
34 36
51 53
9 11
62 64
61 63
46 48
57 59
56 58
55 57
54 56
97 99
96 98
13 15
34 35
31 33
32 33
30 32
5 6
0 2
3 4
2 4
1 3
40 41
39 41
38 40
37 39
95 96
92 94
93 94
91 93
53 55
89 91
88 90
77 78
74 76
75 76
9 10
6 8
7 8
84 86
83 85
82 84
81 83
80 82
79 81
78 80
45 47
63 65
64 66
36 38
14 16
15 17
29 31
28 30
27 29
51 52
48 50
49 50
22 24
21 23
20 22
19 21
18 20
17 19
16 18
73 74
70 72
71 72
69 71
68 70
67 69
66 68
65 67
47 49
