5
71
83
92
68
34
100
51 97
90 97
59 97
82 97
0 43
7 97
40 97
88 97
1 97
42 97
31 97
76 97
3 97
18 97
48 97
0 18
21 97
9 97
10 97
79 41
91 97
15 97
33 97
44 97
24 97
96 97
25 97
61 97
53 97
62 97
16 97
37 97
23 32
47 97
66 97
84 32
50 32
0 7
57 32
0 17
2 32
58 32
62 32
6 32
45 32
0 38
49 32
5 32
3 32
37 32
1 32
53 32
82 32
38 32
40 32
36 32
73 32
13 32
77 32
27 32
26 32
46 32
10 32
52 32
25 32
74 32
42 32
28 32
14 32
54 32
47 32
2 20
75 20
39 20
69 20
23 20
60 20
0 56
6 20
0 79
26 20
72 20
53 20
18 20
57 20
46 20
38 20
86 20
64 20
78 20
11 20
44 20
0 16
16 20
0 27
0 13
0 46
0 74
0 89
0 5
