5
57
67
51
83
50
100
45 99
44 99
17 99
46 99
15 99
80 99
0 28
22 60
62 60
52 60
10 60
88 60
0 40
86 60
0 49
0 89
79 60
25 60
38 60
66 60
97 60
30 60
0 94
0 74
82 60
87 60
0 39
0 86
30 85
39 85
81 85
5 85
36 85
31 85
32 66
56 66
3 66
53 66
19 66
68 66
61 66
90 66
80 66
76 48
13 48
93 48
96 48
91 48
38 48
14 48
17 48
32 48
84 48
21 20
14 20
55 20
95 20
81 20
64 20
45 20
12 20
90 58
4 23
70 58
4 35
46 58
69 58
6 58
38 58
91 58
25 58
8 58
92 58
4 32
3 10
79 10
4 49
4 61
78 10
4 86
46 10
9 10
69 10
61 10
19 10
4 44
4 77
4 81
37 16
37 21
94 87
94 72
94 82
94 5
94 11
94 79
94 26
94 3
93 80
93 82
