5
34
79
61
52
2
100
8 80
7 80
44 80
20 80
30 80
24 80
59 80
68 80
69 80
23 80
58 80
5 80
51 80
18 80
15 80
74 80
26 80
29 80
54 80
73 80
36 80
28 80
42 80
25 80
56 80
9 80
3 80
0 43
60 80
0 7
46 80
4 80
63 80
50 80
77 80
21 80
65 80
57 80
11 80
43 80
41 80
49 80
76 80
1 80
64 80
48 80
17 80
33 80
22 80
45 80
12 80
35 80
6 80
37 80
31 80
66 80
0 78
70 80
55 80
53 80
71 80
27 80
19 80
32 80
14 80
13 80
78 80
45 62
1 62
71 62
59 62
32 62
22 62
72 62
64 62
47 62
31 62
36 62
21 62
58 62
57 62
18 62
19 62
48 62
75 62
13 62
42 62
30 62
8 62
35 62
20 62
44 62
78 62
26 62
76 62
27 62
74 62
67 62
53 62
37 62
