5
16
73
70
69
27
100
0 19
61 96
86 96
60 96
0 18
19 96
56 96
0 87
80 96
79 96
0 96
71 96
91 96
47 96
88 96
37 96
52 96
21 96
64 96
49 96
32 96
95 96
6 96
28 96
78 96
75 96
1 96
5 96
68 96
31 8
35 96
34 96
10 96
46 96
89 96
65 96
57 96
93 96
72 96
2 96
11 96
74 96
53 96
24 96
8 96
94 96
17 96
14 96
33 96
44 96
92 96
87 96
22 96
38 96
29 96
9 96
13 96
81 96
3 96
7 96
0 31
67 96
82 96
15 96
85 96
45 96
20 96
39 96
42 96
76 96
66 96
0 68
30 96
62 96
18 96
90 96
77 96
63 96
0 93
40 96
55 96
54 96
50 96
43 96
48 96
59 96
51 96
84 96
26 96
12 96
58 96
83 96
41 96
4 96
36 96
23 96
25 96
21 31
0 94
3 31
