5
10
33
11
76
27
100
55 99
24 99
25 99
0 74
4 99
0 14
62 64
78 99
53 99
72 99
19 99
23 99
70 99
49 99
59 99
42 99
40 99
15 99
7 99
21 99
48 99
62 24
50 99
91 99
2 99
28 99
87 99
88 99
0 45
20 99
65 99
82 99
41 99
34 99
54 99
58 99
71 99
22 99
20 70
0 29
67 99
63 99
77 99
18 99
16 99
90 99
37 99
0 36
85 99
8 99
29 99
63 56
70 56
61 56
4 56
62 56
24 56
50 56
37 56
95 56
54 56
94 56
80 56
55 56
90 56
7 56
67 56
84 56
15 56
49 56
48 56
85 56
72 56
0 56
38 56
9 56
26 56
41 56
53 56
57 56
64 56
65 56
96 56
0 20
87 56
3 56
43 56
16 56
69 56
18 56
35 56
58 56
20 56
36 59
75 59
0 59
19 59
0 89
0 97
92 59
