5
4
42
66
65
2
100
0 89
78 56
35 56
67 56
31 38
87 38
48 38
57 38
53 38
75 38
77 38
28 69
20 38
9 46
10 85
31 85
0 85
11 85
71 85
19 49
1 85
36 85
33 85
69 85
77 85
60 55
71 55
16 55
78 55
19 51
60 51
1 51
59 51
0 28
26 51
24 54
73 54
72 54
43 75
43 71
37 75
23 75
80 82
0 25
14 75
33 20
15 20
62 20
58 20
78 20
3 20
13 20
27 20
39 30
6 30
40 30
3 30
84 30
53 30
33 29
13 29
6 29
7 29
21 29
31 29
43 29
35 29
31 16
82 16
69 16
53 16
49 16
45 16
73 57
27 16
8 16
67 57
60 57
78 57
0 80
13 57
3 70
62 70
15 70
18 70
15 22
82 19
39 22
36 22
67 22
68 22
40 32
7 32
83 32
43 32
68 88
50 88
71 88
23 88
6 88
