5
60
73
9
86
57
100
0 99
0 72
33 99
20 99
17 99
46 99
0 78
81 99
47 99
49 99
66 99
0 26
32 99
35 99
3 99
14 99
28 99
55 99
25 99
89 99
51 99
50 99
98 99
13 99
24 99
12 99
82 99
22 99
48 99
43 99
0 43
56 99
96 99
26 99
40 99
2 99
7 99
45 99
59 99
77 99
65 99
78 99
15 99
30 99
81 84
51 84
55 84
10 84
39 84
94 84
76 84
0 28
83 84
93 84
44 84
1 84
33 84
0 13
13 84
15 84
95 84
20 84
25 84
18 84
16 84
41 84
24 84
28 84
0 85
6 84
0 23
0 87
21 84
74 84
88 84
91 84
98 84
26 84
30 84
35 84
54 84
19 84
72 84
0 20
0 98
47 84
12 84
31 84
2 84
22 84
59 84
5 84
37 84
71 84
0 52
0 51
0 48
0 82
0 37
0 64
