2
83
93
96
41 99
58 99
64 99
36 99
52 78
23 78
57 78
53 78
69 78
74 29
90 29
97 59
97 60
42 92
79 92
0 84
39 92
38 92
19 97
8 97
38 97
98 3
0 7
51 44
8 44
85 46
81 46
68 44
84 85
12 76
79 76
15 11
72 11
65 11
33 64
57 64
32 64
6 64
67 86
98 1
96 17
12 17
34 17
35 1
19 1
0 18
63 22
73 22
15 10
32 10
40 25
3 34
98 14
67 13
27 13
4 25
53 14
95 41
54 41
3 18
75 18
58 18
27 18
73 56
66 32
15 24
96 24
37 24
69 91
80 5
87 5
58 68
84 39
21 65
91 45
8 77
74 45
31 90
39 74
71 90
51 2
62 2
94 77
3 43
28 70
62 16
28 55
32 3
71 63
68 45
30 56
37 56
50 63
4 77
96 31
16 61
