5
63
33
70
58
11
100
1 99
38 99
0 99
78 99
35 99
41 99
74 99
88 99
10 99
93 99
69 28
50 76
30 99
34 85
96 99
49 99
25 99
82 99
89 99
0 94
0 69
16 99
42 99
16 94
44 99
55 99
3 99
81 99
61 99
28 99
73 99
45 99
85 99
43 99
65 99
14 99
0 20
0 46
79 99
0 80
0 65
19 99
72 99
26 99
18 36
48 56
66 99
87 82
53 99
77 99
0 92
17 99
12 99
86 99
36 99
80 99
50 99
56 99
51 99
64 99
37 99
71 99
0 34
0 87
0 38
40 99
0 12
1 84
8 99
40 43
98 99
69 99
83 99
27 99
59 99
6 99
0 1
91 99
0 40
75 99
62 99
32 99
9 99
31 99
0 95
23 99
94 99
82 48
52 99
46 99
5 99
18 99
47 99
97 99
90 99
39 99
24 99
0 50
76 99
95 99
