5
22
36
46
40
42
100
44 98
47 98
48 98
43 98
0 6
0 4
0 24
34 45
26 45
0 7
14 45
38 45
18 45
28 45
84 45
30 45
64 45
78 45
8 45
0 49
68 45
88 45
48 45
4 58
0 2
0 3
18 58
13 58
10 27
18 27
12 27
74 25
34 27
60 27
8 27
28 6
13 6
25 6
38 6
50 6
75 6
14 6
63 6
7 6
88 6
1 6
21 6
0 19
57 6
89 10
51 6
2 6
35 6
52 6
77 6
32 49
69 30
48 49
56 49
32 82
48 82
16 82
31 82
14 15
4 15
44 15
54 15
30 15
94 15
92 15
12 15
48 15
0 29
32 15
2 15
72 15
62 15
9 52
18 52
12 52
4 21
10 21
16 21
44 21
38 21
32 21
2 21
28 56
0 79
10 14
14 56
0 39
0 9
0 5
0 59
0 69
89 20
30 4
30 44
30 35
