3
70
94
58
89
0 42
11 23
11 75
38 52
18 92
1 99
39 99
11 40
15 99
55 44
86 99
63 99
36 87
37 12
48 99
55 36
25 62
13 62
34 62
78 31
43 31
93 73
72 73
37 1
28 38
88 33
27 33
5 64
60 79
41 34
6 8
89 34
4 3
90 3
92 34
35 3
43 3
55 5
93 54
55 24
67 27
26 27
14 9
97 16
67 6
25 56
64 91
37 60
26 10
39 97
42 15
29 15
61 50
25 50
49 44
5 82
57 51
79 51
25 51
43 98
5 46
48 23
72 49
53 45
32 45
88 14
4 65
80 19
96 72
93 72
46 60
90 42
2 28
13 80
93 23
71 81
32 80
64 81
74 81
29 53
8 53
46 30
13 75
66 84
17 84
4 86
68 95
29 71
8 39
