0
100
50 99
0 49
88 99
86 99
81 99
57 99
78 99
56 99
65 99
90 99
55 99
82 99
83 99
76 99
77 99
54 99
51 99
50 58
94 99
89 99
59 99
79 99
74 99
80 99
68 99
92 99
70 99
72 99
85 99
93 99
98 99
73 99
61 99
91 99
52 99
62 99
58 99
75 99
80 67
50 67
68 67
89 67
88 67
77 67
91 67
65 67
60 67
70 67
81 67
69 67
87 67
76 67
71 67
82 67
74 67
54 67
72 67
59 67
50 78
93 67
96 67
92 67
95 67
61 67
53 67
51 67
85 67
78 67
86 67
50 59
56 67
64 67
66 67
84 67
97 67
82 90
50 69
70 90
77 90
94 90
61 90
73 90
83 90
96 90
60 90
79 90
98 90
59 90
86 90
69 90
88 90
50 93
56 90
81 90
63 90
89 90
50 90
78 90
65 90
85 90
