5
98
87
42
68
64
100
0 99
16 99
0 33
17 99
8 99
41 99
57 99
60 99
82 99
31 99
2 99
23 99
39 99
22 99
0 75
11 99
45 99
81 99
29 99
84 99
93 99
14 99
44 99
56 99
37 99
79 99
94 99
66 99
35 99
74 99
77 99
92 99
53 99
52 99
55 99
33 99
49 99
80 99
97 99
18 99
86 99
65 99
85 99
19 99
9 99
30 99
0 61
51 99
28 99
0 67
63 99
96 99
89 99
58 99
0 38
61 99
21 99
0 95
39 88
52 88
97 88
0 11
6 88
51 88
18 88
45 88
19 88
8 88
1 88
63 88
94 88
7 88
96 88
84 88
92 88
50 88
0 17
67 88
29 88
0 57
86 88
0 31
0 80
0 28
14 88
32 88
20 88
33 88
13 88
81 88
72 88
0 23
93 88
53 88
74 88
15 88
82 88
78 88
0 59
0 70
