5
22
14
75
63
84
100
6 99
0 17
48 99
79 99
27 99
78 99
0 95
61 99
39 99
0 6
0 31
66 99
80 99
36 99
81 99
16 99
72 99
20 99
82 99
17 99
76 99
73 99
52 17
98 99
12 99
28 99
38 99
23 99
10 99
97 99
70 99
25 99
49 99
35 99
96 99
65 99
7 99
89 99
60 99
0 97
0 62
33 99
2 99
30 99
45 99
32 99
0 35
0 2
0 12
47 99
11 99
50 99
0 79
5 99
0 96
8 99
26 99
93 99
21 99
68 99
19 99
0 99
91 99
90 99
19 24
44 99
29 99
42 99
43 99
37 99
67 99
0 19
56 99
51 99
18 99
64 25
87 99
77 99
17 21
69 99
95 99
3 99
58 99
59 99
55 99
64 99
54 99
41 99
46 99
71 99
57 99
83 99
9 99
13 99
1 99
62 99
74 99
53 99
92 99
94 99
