5
68
36
27
15
90
100
30 97
11 97
80 97
40 97
8 97
53 97
24 97
0 77
46 97
0 66
95 97
6 97
19 97
35 97
21 97
31 97
7 97
2 97
83 97
39 97
64 97
1 97
50 97
0 7
0 86
28 97
0 33
41 97
49 97
89 97
91 97
34 97
12 97
16 97
33 97
52 97
69 97
81 97
26 97
76 97
57 97
60 97
58 97
67 97
38 97
77 97
73 97
22 97
29 97
32 97
86 97
62 97
4 97
96 97
37 97
20 97
88 97
5 97
85 97
66 97
70 97
51 97
0 97
55 97
72 97
23 97
78 97
75 97
42 97
44 97
71 97
18 97
3 97
13 97
45 97
74 97
17 97
10 97
61 97
59 97
93 97
14 97
65 97
90 97
87 97
94 97
47 97
79 97
95 73
84 97
43 97
48 97
9 97
82 97
74 22
54 97
0 79
56 97
25 97
92 97
