5
88
4
87
93
5
100
35 95
55 95
50 95
25 95
62 95
52 95
68 95
11 95
65 95
28 95
89 95
0 76
0 20
0 16
79 95
13 95
66 95
61 95
45 95
37 95
38 95
77 95
53 95
39 9
7 9
46 9
0 9
74 9
0 80
17 9
49 9
40 9
0 55
15 9
41 9
77 9
35 9
13 9
23 9
70 9
80 9
24 9
0 60
63 9
92 9
72 9
19 90
17 90
45 90
89 90
49 90
36 90
22 90
0 42
68 90
0 67
0 15
53 90
0 10
47 90
7 90
20 90
60 90
51 90
79 90
16 90
58 90
26 90
72 90
76 90
63 90
77 24
42 24
19 24
18 24
72 24
44 24
3 24
55 24
17 24
16 24
64 24
0 53
37 48
0 28
36 48
19 48
44 48
39 48
83 48
14 48
77 48
74 48
66 48
89 48
0 57
0 91
0 71
92 48
0 12
