5
89
6
45
28
13
100
0 99
76 99
86 99
25 99
80 99
64 99
22 99
21 99
3 99
93 99
79 99
39 9
11 99
61 99
60 99
2 99
54 99
92 99
34 99
66 99
0 29
83 99
53 99
20 99
82 99
42 99
5 99
32 99
0 39
62 99
58 99
10 99
0 23
75 99
85 99
65 99
81 99
24 99
57 99
0 71
14 99
0 43
0 14
73 99
47 99
0 18
84 99
0 69
16 99
23 99
8 99
0 42
17 99
68 99
1 99
48 99
95 99
37 68
67 99
18 99
51 99
0 37
90 99
38 99
40 99
74 99
49 99
50 99
27 99
72 99
31 99
63 99
96 99
43 99
5 97
19 99
91 99
56 99
0 5
15 99
39 99
87 99
12 99
26 99
94 99
35 99
59 99
71 99
7 99
70 99
30 99
78 99
44 99
4 99
41 99
97 99
33 99
36 99
46 99
55 99
