1
34
89
45 42
45 59
58 41
54 42
39 38
47 42
43 51
44 46
40 46
60 79
66 79
72 76
26 38
36 38
29 38
21 25
27 25
49 48
44 48
50 48
40 48
54 40
52 40
43 40
49 43
49 52
56 52
60 61
61 79
76 79
75 79
78 79
78 76
64 79
21 33
32 33
39 36
23 20
28 20
37 32
31 32
23 22
24 22
27 22
39 26
31 26
24 39
27 39
21 31
24 30
61 66
63 79
71 79
72 66
71 69
74 69
77 69
64 69
66 69
72 67
74 67
61 67
74 70
73 70
76 70
62 70
64 70
72 60
71 66
77 66
72 78
63 76
74 64
65 64
72 62
61 62
72 65
77 64
61 75
60 64
74 62
77 62
78 62
78 60
71 60
65 77
65 63
71 63
73 77
