5
32
33
41
69
26
100
70 99
0 72
80 99
47 99
0 14
8 99
54 99
86 99
90 99
64 99
22 99
29 3
74 99
23 99
56 99
9 99
15 99
16 99
84 99
77 99
59 99
58 99
0 61
67 99
4 99
13 99
88 99
79 99
50 99
0 16
40 99
28 99
72 99
2 99
38 99
93 99
81 99
36 99
0 99
92 99
29 99
21 99
48 99
18 99
49 99
68 99
34 99
66 99
42 99
75 99
98 99
5 99
0 93
30 99
62 99
0 29
97 99
0 66
0 53
60 99
0 36
85 99
44 99
25 99
10 99
39 99
7 99
51 99
57 99
95 99
0 18
63 99
24 99
0 60
78 99
76 99
46 99
0 17
0 13
0 48
43 99
9 30
83 99
96 99
6 99
91 99
10 55
0 95
13 55
0 55
59 55
81 55
39 55
20 55
38 55
9 55
30 55
3 68
9 53
25 55
