5
65
69
37
19
81
100
21 96
0 36
72 96
0 68
0 9
66 96
38 96
0 91
17 96
18 96
6 96
28 96
85 96
0 84
11 96
54 96
0 58
24 96
84 96
0 27
8 96
50 96
3 96
31 96
35 96
46 96
87 96
49 96
47 96
0 4
57 96
58 96
16 96
23 96
80 96
55 96
2 96
44 96
71 96
92 96
74 96
30 96
51 96
34 96
26 96
90 96
78 96
94 96
56 96
0 31
64 96
29 96
41 96
9 96
67 96
89 96
40 96
0 23
42 96
1 96
0 72
0 13
76 70
43 83
53 83
52 83
85 83
44 83
3 83
64 83
95 83
0 79
29 83
66 83
0 57
63 83
89 83
46 83
84 83
42 83
1 83
51 83
55 83
23 83
61 83
48 83
27 83
49 83
25 83
35 25
30 83
12 83
67 83
39 83
86 83
72 83
34 83
21 83
0 67
75 83
