5
84
53
4
47
37
100
18 94
51 94
73 94
49 94
93 94
59 94
62 94
8 94
6 94
32 94
87 94
34 94
12 11
91 11
13 11
0 16
80 11
28 11
76 11
29 83
34 11
59 11
63 11
16 11
90 11
64 11
74 11
67 11
43 11
68 11
10 11
89 11
14 11
18 83
82 83
5 83
12 83
49 83
41 83
59 83
6 83
27 83
14 83
54 83
38 83
20 83
81 83
54 10
71 10
93 10
17 10
26 10
9 10
22 10
90 10
41 64
19 64
22 64
89 64
65 64
33 64
17 64
73 64
1 64
40 64
15 64
87 64
5 64
43 64
85 64
14 64
45 64
38 64
44 64
67 64
63 64
82 64
28 64
68 79
73 79
48 79
42 79
7 79
65 79
78 79
0 46
51 79
22 79
88 79
32 79
25 79
1 79
46 79
80 79
0 43
0 29
0 77
0 38
0 73
0 1
