5
68
83
38
8
21
100
89 99
90 99
43 99
34 99
98 99
79 99
95 99
9 99
45 99
59 99
11 99
13 99
0 42
28 99
25 99
62 99
76 57
0 87
88 99
53 96
27 99
31 99
0 52
0 25
0 43
16 99
29 99
72 99
0 48
95 59
0 24
0 95
96 99
57 99
26 99
91 99
74 99
54 99
67 99
0 71
77 99
75 99
49 99
20 99
0 92
86 99
71 99
44 99
66 99
73 99
78 99
0 11
82 99
0 12
53 99
12 99
30 99
0 15
3 99
70 99
0 74
0 61
6 99
18 99
51 99
65 99
0 20
15 99
23 99
42 99
22 99
39 99
19 99
32 99
55 99
37 99
84 99
0 93
4 99
10 99
52 99
0 78
0 19
14 99
63 99
0 90
0 99
0 44
0 64
80 99
36 99
56 99
35 99
92 99
33 99
75 85
58 99
0 45
0 6
0 57
