5
33
2
93
25
88
100
90 99
31 99
35 99
45 99
75 99
42 99
78 99
39 99
38 99
73 99
7 99
18 99
92 99
21 99
97 99
20 99
54 99
80 99
64 99
0 99
40 99
89 99
87 99
65 99
16 99
24 99
53 99
96 99
26 99
70 99
5 99
28 99
74 99
91 99
52 99
32 99
34 99
41 99
79 99
47 99
61 99
27 99
81 99
57 99
59 99
55 99
62 99
14 99
71 99
10 99
15 99
51 99
60 99
13 99
37 99
94 99
63 99
95 99
11 99
17 99
83 99
69 99
22 99
4 99
84 99
23 99
72 99
41 56
45 56
98 56
11 56
0 35
31 56
74 56
17 56
43 56
57 56
63 56
52 56
89 56
15 56
71 56
34 56
97 56
49 56
66 56
18 56
91 56
84 56
68 56
94 56
4 56
80 56
48 56
28 56
39 56
55 56
37 56
0 21
0 86
