5
31
90
91
52
76
100
0 99
68 99
60 99
2 99
29 99
0 85
19 99
74 99
59 99
49 99
41 99
69 99
77 99
22 99
0 7
57 99
62 99
73 99
54 99
66 99
0 22
16 99
39 99
0 9
0 69
0 10
94 99
37 99
72 99
12 99
93 99
20 99
0 94
0 93
6 99
86 99
88 99
55 99
34 99
56 99
70 99
98 99
42 99
38 99
11 99
61 99
28 99
0 60
23 99
0 41
40 99
85 99
7 99
45 99
44 99
47 99
80 99
89 99
35 99
21 99
63 99
50 99
81 99
75 99
97 99
48 99
51 99
87 99
58 99
24 99
10 99
79 99
14 99
65 99
0 18
3 99
96 99
43 99
78 99
71 99
33 99
0 48
13 99
4 99
83 99
95 99
30 99
92 99
0 70
86 70
27 99
9 99
15 99
18 99
46 99
82 99
67 99
53 99
0 36
0 50
