5
71
12
49
67
60
100
0 12
0 13
51 74
57 74
14 74
20 74
42 74
73 74
37 74
0 74
24 74
25 74
49 74
18 74
34 74
66 74
32 74
39 74
9 74
50 74
8 74
62 74
64 74
43 74
4 74
58 74
44 74
48 74
41 74
12 74
10 74
54 74
17 74
40 74
21 47
56 74
47 74
1 74
15 74
60 74
0 6
6 74
52 74
0 4
3 74
33 74
31 74
46 74
16 74
65 74
59 74
21 74
35 74
45 74
53 74
27 74
13 74
28 74
68 74
70 74
5 74
30 74
7 74
46 61
63 74
2 74
36 74
67 74
22 74
61 74
38 74
55 74
69 74
72 74
26 74
19 74
29 74
23 74
21 11
66 11
62 11
25 11
59 11
22 11
72 11
43 11
61 11
5 11
33 11
34 11
31 11
52 11
65 11
0 66
54 11
1 11
13 11
53 11
6 11
10 11
