5
7
49
20
41
34
100
14 99
21 99
28 99
35 99
42 99
56 99
63 99
70 99
77 99
84 99
91 99
6 98
13 98
27 98
34 98
41 98
48 98
55 98
62 98
69 98
76 98
83 98
90 98
68 97
75 97
82 97
89 97
96 97
5 97
12 97
19 97
26 97
33 97
40 97
47 97
54 97
61 97
13 97
27 97
34 97
6 97
41 97
48 97
55 97
62 97
69 97
76 97
83 97
90 97
14 97
21 97
28 97
35 97
42 97
56 97
63 97
70 97
77 97
84 97
13 91
27 91
34 91
48 91
55 91
62 91
69 91
76 91
83 91
90 91
96 6
5 6
12 6
19 6
26 6
33 6
40 6
47 6
54 6
61 6
68 6
75 6
82 6
89 6
13 6
27 6
48 6
55 6
62 6
69 6
76 6
83 6
90 6
14 6
21 6
28 6
35 6
42 6
56 6
63 6
70 6
