5
60
23
98
65
63
100
38 99
53 99
14 99
0 99
37 99
33 99
21 99
0 16
0 79
87 99
28 99
13 99
93 99
1 99
48 99
9 99
59 99
74 99
29 99
88 99
58 99
43 99
41 99
0 74
94 99
4 99
80 99
66 99
81 99
97 99
51 99
82 99
0 5
12 99
22 99
85 99
11 99
72 99
0 61
69 99
17 99
68 99
8 99
0 21
77 99
61 99
90 99
92 99
55 99
25 99
6 99
18 99
47 99
3 99
10 99
24 99
2 99
49 99
76 99
73 99
16 99
67 99
79 99
0 66
45 99
44 99
95 99
32 99
89 99
52 99
34 99
56 99
42 99
75 99
54 99
46 99
91 99
7 99
62 99
78 99
0 70
30 99
19 99
83 99
15 99
86 99
27 99
31 99
0 12
0 4
20 99
71 99
5 99
70 99
36 99
50 99
57 99
96 99
64 99
35 99
