5
83
55
91
92
71
100
14 99
9 99
65 99
96 99
0 13
84 14
79 99
87 99
70 99
81 99
57 99
69 99
62 99
58 99
0 51
43 99
13 99
77 99
86 99
46 99
11 99
10 99
93 1
44 99
54 99
0 37
84 12
36 99
0 84
0 77
42 99
40 99
64 99
21 99
26 99
53 99
61 99
1 99
73 99
12 99
27 99
4 99
39 99
63 5
93 99
49 99
60 99
0 87
74 99
76 99
41 99
25 99
5 99
33 99
29 99
89 99
0 63
0 31
68 99
51 99
28 99
0 92
0 2
0 67
56 99
50 99
23 99
84 99
45 99
48 99
3 99
0 46
47 99
35 99
18 99
67 99
34 99
82 99
0 3
52 99
15 99
17 99
38 99
75 99
30 99
0 99
59 99
95 99
16 99
37 99
66 99
90 99
32 99
80 99
88 99
24 99
97 99
2 99
63 99
85 99
