5
47
7
57
49
66
100
54 96
27 96
89 96
34 96
45 96
14 96
29 96
50 96
77 96
33 96
63 96
41 96
20 96
8 96
85 96
0 45
69 96
0 85
70 96
64 96
32 96
53 96
60 96
19 96
0 62
38 96
23 96
35 96
16 96
28 96
88 96
0 25
71 96
58 96
83 96
12 96
21 96
42 96
40 96
37 96
87 96
6 96
9 96
76 96
17 96
4 96
93 96
5 96
30 96
13 96
95 96
31 96
80 35
10 96
64 35
0 86
39 96
0 50
74 96
22 96
1 96
11 96
52 96
78 96
48 94
18 96
73 96
55 96
59 96
86 96
0 96
0 95
84 96
44 96
46 96
79 96
26 96
25 96
75 96
94 96
2 96
82 96
51 96
15 96
81 96
65 96
80 96
62 96
91 96
0 64
67 96
68 96
43 96
3 96
36 96
61 96
48 96
72 96
56 96
92 96
