5
23
92
43
89
72
100
93 99
0 57
0 7
11 99
79 99
82 99
49 99
26 99
62 99
19 99
0 34
22 99
69 99
58 99
63 99
13 99
64 99
30 99
56 99
75 99
57 99
0 9
0 46
68 99
0 30
90 99
50 99
88 99
46 99
0 8
0 35
77 99
53 99
6 99
87 99
1 99
83 99
0 17
0 33
66 99
27 99
34 99
17 99
0 25
36 99
86 99
4 99
0 97
47 99
70 99
41 99
9 99
0 95
42 99
98 99
97 99
15 99
81 99
80 99
0 44
48 99
35 99
32 99
0 29
44 99
1 84
65 84
13 84
0 28
58 84
48 84
76 84
8 84
91 84
46 84
0 52
56 84
9 84
52 84
83 84
19 84
0 81
62 84
77 84
29 84
80 84
0 84
10 84
0 85
0 5
0 65
0 53
0 80
0 19
0 1
0 69
0 62
0 83
0 64
0 6
