5
53
51
20
21
31
100
24 99
80 99
81 99
83 99
0 18
5 99
59 99
35 99
52 99
0 16
0 47
0 71
4 99
15 99
10 99
79 99
91 99
14 99
0 70
2 99
0 98
45 99
56 99
16 99
40 99
18 99
85 99
30 99
0 43
94 99
96 99
0 61
90 99
64 99
41 99
76 99
28 99
39 99
92 99
68 99
43 99
6 99
73 99
97 99
7 99
49 99
27 99
75 99
93 99
19 99
72 99
67 99
13 99
36 99
78 34
42 34
59 34
38 34
9 34
0 41
66 34
0 95
0 40
43 34
5 34
58 34
13 34
0 34
96 34
92 34
12 34
6 34
65 34
54 34
69 34
0 39
36 34
85 34
56 34
55 34
0 26
70 34
0 97
25 34
14 34
29 34
68 34
24 34
0 83
79 34
11 34
0 5
0 9
0 60
0 46
0 7
0 88
0 29
0 90
0 56
