5
25
67
17
78
48
100
0 62
44 81
0 41
55 81
0 49
75 81
0 56
0 20
21 81
72 81
65 81
77 79
16 79
74 79
15 79
37 79
11 79
12 79
60 79
3 79
0 36
27 79
0 33
0 23
29 79
21 79
47 79
30 79
64 79
10 79
5 49
1 79
0 29
33 79
80 73
24 66
57 73
5 36
49 73
46 73
63 73
24 53
75 73
33 73
26 73
2 73
68 73
72 73
24 5
34 73
41 9
71 9
24 2
31 9
11 9
62 9
50 9
69 9
46 9
26 9
2 9
68 9
24 12
54 9
24 38
33 9
3 9
74 56
38 56
24 63
24 23
16 56
68 56
14 56
55 56
61 1
7 56
4 59
30 56
44 58
24 54
24 61
69 58
22 58
4 46
4 14
47 58
52 58
4 58
69 34
38 58
21 58
39 58
71 58
70 58
51 58
77 58
76 58
42 58
37 58
