5
29
2
25
48
62
100
0 6
0 68
0 37
64 99
60 99
57 99
61 37
28 99
27 99
72 99
12 82
49 82
33 87
0 76
90 41
16 87
5 87
88 66
72 66
0 21
84 66
98 85
61 14
0 90
71 66
8 66
61 41
7 66
61 46
26 66
78 66
39 66
8 27
12 13
12 24
74 27
12 39
12 84
18 27
12 8
33 28
33 14
59 27
34 7
96 7
40 7
56 7
88 7
65 7
95 85
74 85
34 85
89 85
72 22
40 22
34 22
17 22
88 22
74 22
15 22
30 22
18 45
6 45
9 45
73 45
78 58
19 58
49 58
64 58
5 58
3 58
20 94
43 58
76 58
32 58
65 58
11 96
6 96
44 96
55 96
32 96
18 96
46 96
9 96
6 69
14 69
64 69
75 69
5 69
77 69
98 90
59 90
26 75
78 51
18 51
33 4
33 64
33 24
33 39
15 51
