5
48
28
71
75
76
100
18 99
8 99
88 99
46 99
86 99
66 99
95 99
60 99
50 99
10 99
64 99
0 99
23 99
13 99
56 99
85 99
68 99
37 99
0 50
9 99
4 99
12 99
83 99
27 99
61 99
69 99
78 99
3 99
20 99
54 99
55 99
58 99
59 99
53 99
89 99
67 99
87 99
31 99
0 32
22 99
17 49
26 99
36 99
42 99
18 22
17 99
49 99
1 99
91 99
57 99
94 99
33 99
38 99
7 99
11 99
25 99
74 99
72 99
35 99
45 99
21 99
30 99
24 99
29 99
0 84
0 13
80 99
63 99
90 99
79 99
15 99
77 99
65 99
47 99
5 99
43 99
41 99
19 99
16 99
32 99
6 99
82 99
73 99
81 99
96 99
70 99
97 99
92 99
51 99
2 99
93 99
62 99
40 99
84 99
44 99
52 99
14 99
39 99
34 99
18 98
