3
19
94
14
91
1 99
0 99
4 99
0 98
97 99
0 2
96 98
0 23
25 95
20 93
56 90
45 93
91 93
82 89
87 91
89 91
90 92
86 88
35 87
7 82
85 86
83 84
38 85
78 80
50 76
78 77
75 77
78 76
81 83
79 80
81 82
75 76
73 74
75 74
71 72
71 73
36 38
13 38
36 37
56 39
62 42
23 50
42 41
42 44
49 47
49 48
46 44
48 47
53 51
54 52
54 53
69 71
68 70
10 70
33 70
4 62
30 62
67 69
66 68
65 67
64 66
63 65
59 63
57 58
24 25
27 25
24 26
31 29
20 29
35 28
32 31
4 6
3 5
56 9
20 18
12 6
11 9
23 24
5 6
10 8
3 23
11 10
7 8
16 15
18 17
35 33
13 12
61 63
60 62
27 26
29 28
