5
89
80
91
93
77
100
0 1
93 99
91 99
95 99
69 76
79 86
96 99
8 14
11 27
98 99
90 99
97 99
92 99
87 94
85 94
81 94
86 94
84 94
88 94
83 94
93 82
72 82
96 82
71 82
73 82
78 82
75 82
79 82
27 39
10 16
0 8
9 12
76 82
91 82
74 82
90 82
92 82
77 82
72 87
32 47
0 3
97 82
95 82
56 67
88 98
81 98
85 98
48 54
83 98
86 98
84 98
51 63
55 63
69 54
74 87
78 87
73 87
65 77
90 87
91 87
76 87
69 77
97 87
77 87
79 87
69 75
95 87
93 87
71 87
75 87
92 87
83 96
84 96
81 96
88 96
85 96
72 86
76 86
67 79
74 86
69 78
90 86
78 86
77 86
91 86
71 86
73 86
75 86
95 86
76 84
97 86
93 86
85 92
83 92
88 92
81 92
78 84
72 84
97 84
75 84
