5
36
50
20
57
67
100
0 99
72 99
0 82
22 99
61 99
3 99
35 99
0 24
92 99
37 99
69 99
74 99
24 99
12 99
44 99
43 99
77 99
34 99
95 99
70 14
49 99
0 2
42 99
75 99
26 99
83 99
22 97
0 27
45 99
90 10
87 18
0 22
39 18
98 99
78 99
13 99
77 84
53 99
18 99
66 99
21 99
1 99
85 99
5 99
2 99
0 15
59 99
58 99
89 99
19 99
94 99
4 99
56 99
62 99
31 99
0 87
41 99
25 99
60 99
0 47
0 77
15 99
79 99
7 99
51 99
97 99
44 54
0 41
40 99
17 99
80 99
0 79
44 30
96 99
44 65
9 99
14 99
10 99
6 99
76 99
33 99
86 99
32 99
38 99
47 99
16 99
39 99
65 99
87 99
93 99
68 40
84 99
68 99
63 99
27 99
52 99
81 99
88 99
23 99
71 99
