5
34
72
3
24
18
100
11 99
33 99
31 19
9 99
49 99
15 31
27 99
62 99
97 63
94 99
0 97
67 99
28 99
9 42
0 15
0 9
48 99
0 95
1 99
84 99
51 99
36 99
71 99
56 99
54 99
58 99
8 99
37 99
86 99
25 99
17 99
53 99
0 40
95 99
89 99
79 98
21 99
47 99
75 99
22 56
16 99
0 22
92 99
87 99
44 99
78 55
28 55
5 55
89 55
19 55
0 88
60 55
26 55
40 55
7 55
47 55
0 11
0 8
1 64
86 45
69 96
0 54
95 45
0 74
53 55
0 32
64 55
15 55
82 55
91 55
5 83
23 6
1 55
16 55
96 55
68 55
0 23
0 51
0 94
0 5
0 13
0 49
0 29
83 43
83 46
83 97
61 55
17 55
83 68
70 96
71 55
4 55
39 55
38 55
83 47
23 13
52 46
57 46
38 46
54 46
