5
21
92
29
83
20
100
18 99
23 99
69 99
2 99
87 99
60 59
43 99
60 32
10 51
0 60
36 99
34 99
51 99
0 84
67 99
12 99
0 22
91 99
25 99
4 99
5 99
84 99
95 99
85 99
13 99
0 10
48 99
0 99
93 99
28 99
0 76
17 99
0 13
6 99
0 26
59 99
7 99
60 99
22 99
56 99
15 99
35 99
50 99
90 99
31 99
52 99
66 99
68 99
0 79
94 99
63 99
44 99
96 99
11 99
77 99
0 74
9 99
89 99
76 99
42 99
97 99
75 99
53 99
81 99
78 88
82 99
26 99
0 71
61 99
10 99
40 99
0 1
88 99
33 99
64 99
74 99
80 99
19 99
58 99
45 99
3 99
47 99
55 99
54 99
0 78
30 99
8 99
46 99
32 99
70 99
0 48
71 99
24 99
14 99
49 99
38 99
72 99
0 44
0 43
0 91
