5
53
16
1
21
10
100
0 61
29 82
38 82
0 47
80 82
44 82
13 82
74 82
56 82
0 82
24 82
72 82
23 82
0 71
50 82
0 78
0 37
0 74
41 82
81 82
54 82
75 82
78 82
64 82
51 7
76 59
0 31
80 7
20 7
24 7
29 7
12 7
50 7
6 7
38 7
0 76
69 7
70 7
2 7
47 7
22 7
9 7
63 31
34 7
28 7
8 7
67 7
30 7
57 7
76 7
23 44
41 44
51 44
47 44
65 44
12 44
75 44
80 44
0 23
0 33
43 44
9 44
3 44
58 44
45 44
48 76
61 76
29 76
35 76
23 76
17 76
15 76
62 76
74 76
58 76
66 76
65 76
75 76
69 76
0 13
50 76
72 76
79 76
80 76
60 76
32 76
77 76
51 18
31 18
57 18
58 18
0 36
0 69
0 68
57 29
57 66
57 34
57 56
57 14
57 5
