5
89
57
30
16
28
100
71 99
17 99
44 99
0 62
76 99
80 99
0 64
21 99
6 99
4 99
79 99
34 99
0 2
64 99
51 99
42 99
43 23
61 23
0 14
81 23
79 23
68 23
85 23
0 23
0 22
93 23
34 23
27 23
34 5
0 48
4 5
53 5
15 5
0 6
19 5
35 5
0 80
81 5
79 5
88 38
2 38
0 93
17 38
98 38
33 38
1 31
11 38
31 38
74 38
82 38
84 38
72 38
93 38
0 95
0 18
14 66
44 38
86 38
53 38
65 76
92 76
37 76
39 76
67 76
45 76
24 3
37 3
52 3
96 3
32 3
75 3
70 3
60 3
49 3
25 3
51 3
42 3
79 3
13 3
46 3
9 3
53 3
77 69
26 69
78 69
88 39
73 39
19 39
54 39
93 39
21 39
8 39
64 39
29 59
81 59
0 88
0 91
0 25
0 4
0 1
