5
69
81
71
33
94
100
78 99
62 70
9 99
5 99
0 22
34 99
38 99
41 99
75 99
85 99
49 99
53 99
73 99
54 99
17 35
82 84
72 35
62 36
51 99
57 84
35 99
84 99
86 99
70 99
66 99
88 99
83 43
43 99
61 99
76 99
42 99
27 99
59 99
28 99
2 99
37 99
95 99
18 99
96 99
30 99
12 99
87 99
14 99
44 99
23 99
58 99
0 90
39 99
19 99
4 99
0 27
22 99
6 46
92 99
0 62
82 56
64 99
0 17
67 99
90 99
56 99
97 99
0 83
75 72
93 99
68 99
89 99
13 99
55 99
16 99
63 99
17 99
45 99
25 99
8 99
62 99
7 99
40 99
91 99
6 99
15 99
0 75
29 99
31 99
21 99
20 99
24 99
79 99
1 99
48 99
50 99
0 99
3 99
98 99
77 99
72 99
82 99
0 65
36 99
11 99
