5
26
16
81
21
61
100
65 94
58 94
13 94
22 94
80 94
9 94
91 94
56 94
53 94
75 94
52 94
17 94
4 94
93 94
66 94
45 94
28 94
57 94
27 94
47 94
68 94
15 94
12 94
14 94
5 94
20 94
77 94
49 94
86 94
69 94
82 94
6 94
60 94
35 94
39 94
67 94
89 94
63 94
55 94
23 94
32 94
38 94
2 94
25 94
51 94
83 94
10 94
46 94
84 94
24 94
87 94
71 94
19 94
30 94
54 94
1 94
33 94
48 94
11 94
72 94
3 94
0 2
43 94
29 94
76 94
34 94
44 94
7 94
73 94
8 94
37 94
41 94
79 94
42 94
62 94
40 94
64 94
90 94
0 94
92 94
31 94
88 94
70 94
18 94
85 94
78 94
36 94
50 94
0 14
74 94
66 59
47 59
0 59
54 59
73 59
69 59
5 59
56 59
0 19
52 59
