5
29
13
31
40
6
100
27 59
47 59
12 59
11 25
48 25
52 25
55 25
50 25
36 35
20 35
16 35
36 44
37 44
12 44
11 44
58 44
43 44
34 11
3 11
15 11
33 11
10 14
36 14
57 14
3 14
42 14
45 14
52 14
41 21
56 21
30 21
43 21
56 9
55 9
47 9
3 46
10 46
56 46
8 2
0 32
50 2
26 2
32 57
28 57
24 43
20 43
34 43
37 28
27 28
15 7
19 41
52 41
3 56
17 56
51 56
52 56
53 56
27 58
19 58
53 58
30 42
30 1
27 53
12 53
49 53
3 51
32 53
49 36
51 36
34 36
32 36
49 50
34 20
17 20
8 20
45 33
22 38
12 15
19 37
49 37
30 37
0 34
3 34
48 18
52 10
32 34
26 10
3 32
34 18
17 32
27 32
12 32
4 32
22 30
12 52
22 52
12 55
19 17
0 45
23 45
