3
36
78
53
90
55 99
7 43
2 43
56 21
0 31
83 21
45 21
98 63
69 63
11 31
83 2
4 5
40 5
7 64
70 91
41 91
7 51
76 91
98 10
30 56
79 56
87 56
0 34
47 73
70 28
65 34
9 34
47 34
0 70
60 34
48 34
37 71
77 35
27 35
50 54
83 54
89 54
11 8
3 11
68 40
69 40
62 40
39 67
65 70
89 7
15 22
80 7
1 7
59 70
20 70
88 70
22 70
42 48
68 82
79 82
12 24
33 24
96 9
52 97
49 47
0 85
16 62
25 1
15 66
92 1
87 27
95 60
57 81
25 12
93 94
27 61
50 23
4 89
32 26
72 23
97 23
39 13
45 13
76 32
97 32
45 32
59 98
57 74
93 98
3 74
93 30
83 51
17 51
59 3
17 75
