1
9
100
54 98
0 98
0 54
86 54
36 98
22 98
3 98
57 98
25 98
42 98
66 98
61 98
37 98
41 98
23 98
5 98
24 98
50 98
60 98
17 98
67 15
62 98
10 5
94 21
26 21
58 21
0 25
77 21
64 21
8 21
14 21
62 21
23 21
61 21
49 21
12 21
35 21
13 21
0 21
78 21
4 21
19 21
10 32
31 32
56 31
5 32
23 32
13 32
22 32
0 32
12 32
93 4
86 4
65 4
0 4
2 4
43 4
67 4
76 4
63 4
64 4
35 4
48 4
61 4
52 4
41 4
56 4
78 4
3 4
95 4
0 56
54 4
53 4
15 4
94 4
55 4
90 4
85 4
60 4
31 4
17 4
93 12
49 12
5 12
19 12
16 12
40 12
2 12
0 12
13 12
81 12
90 12
16 54
59 10
24 12
3 54
56 54
15 54
89 12
54 12
