5
19
17
11
92
81
100
37 17
3 97
55 97
68 97
0 25
30 97
12 97
0 31
79 97
0 16
63 97
52 97
64 97
49 97
5 97
80 97
83 97
14 97
0 37
39 97
84 97
70 97
10 97
0 42
71 97
56 97
53 97
47 97
16 97
42 48
63 48
33 48
44 48
57 48
32 48
73 48
37 48
87 48
78 48
0 14
79 48
25 48
3 48
93 48
51 48
56 48
38 48
4 13
16 13
22 13
68 13
96 13
35 13
83 13
51 13
71 13
62 13
80 13
0 45
69 13
56 13
1 13
73 13
55 13
7 13
84 13
5 13
0 38
32 13
27 13
66 13
4 94
0 8
78 94
30 94
56 94
39 94
90 94
27 94
20 94
65 94
0 87
15 94
57 94
35 94
49 94
0 28
42 94
89 94
79 94
61 94
71 94
73 94
53 94
77 94
52 94
67 94
95 94
88 94
29 94
