5
22
15
97
20
95
100
27 99
40 99
41 99
34 99
26 99
90 99
0 6
39 99
52 99
29 99
16 99
0 72
10 99
59 99
19 99
76 99
88 99
62 99
96 99
0 47
0 32
63 99
33 99
57 99
25 99
54 99
92 99
5 99
35 99
9 99
18 99
69 99
77 99
11 99
31 99
78 99
24 99
60 99
0 27
44 99
72 99
4 99
8 99
87 99
51 99
98 99
0 5
71 99
12 99
82 99
67 99
85 99
32 99
89 99
1 99
93 99
53 66
21 66
24 66
84 66
31 66
13 66
71 66
85 66
28 66
3 66
72 66
68 66
89 66
70 66
52 66
90 66
0 67
0 9
0 24
37 66
96 66
55 66
44 66
43 66
67 66
49 66
63 66
0 84
47 66
45 66
41 66
38 66
23 66
10 66
46 66
9 66
0 75
0 29
0 44
0 43
0 36
0 74
0 71
73 66
