3
69
66
98
99
0 21
52 99
78 99
88 50
37 84
63 99
73 99
84 50
28 55
42 55
28 90
54 55
90 55
15 95
40 95
91 95
70 21
87 80
22 38
49 63
18 25
6 25
87 58
86 58
10 58
52 77
39 77
1 77
76 64
24 77
64 5
32 56
10 56
62 56
15 40
57 40
44 40
73 28
15 33
23 75
86 75
94 75
21 95
93 24
17 24
64 32
22 32
7 32
26 32
45 93
23 93
71 93
62 20
74 20
49 3
62 3
96 38
17 38
89 60
39 60
71 94
14 16
35 16
19 62
72 73
46 10
78 86
11 8
45 8
96 8
43 35
18 79
92 97
22 97
11 97
41 97
88 97
12 97
9 97
11 31
52 31
7 88
90 88
47 39
76 17
92 17
81 17
46 17
52 34
61 90
0 76
81 87
22 61
52 68
0 67
0 30
0 46
0 92
0 4
