4
76
35
19
55
99
7 99
0 37
0 36
89 99
82 64
0 22
0 3
28 57
12 57
1 22
85 57
33 57
37 70
45 70
69 93
46 93
24 93
40 56
89 60
1 4
1 5
1 63
26 84
81 56
95 56
1 77
1 2
87 72
87 50
88 48
88 59
74 56
38 49
98 82
12 82
79 84
44 91
72 46
53 50
89 46
43 29
53 21
6 29
47 46
30 4
85 46
36 46
58 46
53 40
53 13
25 92
50 92
14 92
45 31
3 92
45 15
31 96
86 18
49 96
9 22
7 81
80 63
12 34
50 34
72 73
11 17
61 17
21 63
28 63
48 62
33 62
12 5
8 5
10 49
20 80
28 13
42 13
69 44
67 42
20 51
75 89
10 6
75 80
4 14
33 8
66 36
41 22
94 22
50 22
51 89
18 22
81 22
58 15
97 67
21 15
48 67
36 8
21 98
36 50
