5
80
88
35
75
89
100
43 99
87 99
20 99
49 99
66 99
6 99
46 99
97 99
42 99
70 99
16 99
28 99
69 92
70 92
83 92
98 92
0 24
48 92
78 92
0 9
87 92
94 34
6 92
0 50
85 92
63 92
0 47
34 92
26 92
2 92
84 92
94 11
9 92
16 92
60 92
32 92
65 21
54 21
29 21
58 21
4 21
40 21
0 94
0 57
20 21
0 61
41 21
37 21
83 21
66 94
50 94
18 94
25 94
19 94
97 94
76 94
32 94
62 94
17 94
69 94
56 72
44 72
29 72
0 72
20 72
50 72
55 72
30 72
18 72
38 72
34 72
8 72
17 72
23 72
87 72
60 53
73 53
28 53
59 53
77 53
84 53
13 53
4 53
18 53
61 53
81 53
15 53
96 53
43 53
11 53
26 53
90 53
0 76
22 76
61 76
81 76
8 76
0 46
0 96
83 76
