5
50
51
80
78
18
100
23 93
82 93
52 93
15 93
39 93
85 93
31 93
21 93
68 93
73 93
27 93
43 93
79 93
92 93
48 93
36 93
16 93
81 93
10 93
77 93
0 3
41 93
91 93
30 93
88 93
46 93
37 47
57 93
38 93
34 93
0 60
0 23
69 93
4 93
0 41
71 93
87 93
0 36
63 93
28 93
17 93
11 93
62 93
53 93
32 93
0 8
20 93
0 52
16 56
55 93
35 93
0 93
76 93
61 93
70 93
40 93
84 93
24 93
90 93
45 93
14 93
8 93
0 16
9 93
5 93
75 93
47 93
0 58
0 20
22 93
74 93
37 93
60 93
67 93
59 93
2 93
54 93
42 93
29 93
7 93
86 93
83 93
3 93
25 93
13 93
58 93
44 93
6 93
89 93
0 40
19 93
72 93
64 93
26 93
33 93
65 93
0 67
1 93
12 93
66 93
