5
41
89
68
42
76
100
29 92
11 92
51 92
81 92
6 92
60 92
90 92
23 92
3 92
61 92
36 92
40 92
13 92
0 92
26 92
24 92
30 92
79 92
57 92
17 92
38 92
88 92
62 92
84 92
21 92
44 92
5 92
39 92
4 92
64 92
74 92
15 92
66 92
2 92
65 92
71 92
78 92
72 92
47 92
31 92
19 92
58 90
58 92
0 4
82 92
43 92
12 92
28 92
18 92
27 92
69 92
22 92
87 92
67 92
8 92
10 92
49 92
45 92
52 92
33 92
55 92
54 92
53 92
56 92
37 92
70 92
14 92
25 92
34 92
63 92
91 92
59 92
1 92
73 92
20 92
0 19
50 92
16 92
7 92
46 92
75 92
85 92
9 92
48 92
35 92
80 92
77 92
86 92
32 92
71 83
0 58
75 83
73 83
30 83
81 83
47 83
12 83
69 83
50 83
2 44
