5
46
80
83
65
55
100
0 57
6 94
19 94
57 94
84 94
0 4
51 94
53 94
30 94
79 94
23 94
67 94
41 94
68 94
24 94
85 94
93 94
5 94
90 94
92 94
56 94
29 94
17 94
0 70
33 94
28 94
87 94
47 94
18 94
38 94
42 94
88 94
72 94
60 94
71 94
75 94
69 94
11 94
12 94
48 94
0 94
4 94
21 94
62 94
0 85
74 94
81 94
44 94
14 94
37 94
2 94
63 94
22 94
43 94
64 94
86 94
76 94
82 94
34 94
39 94
61 94
45 94
91 94
20 94
70 94
13 94
66 94
4 10
1 94
73 94
7 94
10 94
32 94
0 23
31 94
58 94
91 23
40 94
27 94
3 94
89 94
8 94
78 94
36 94
25 94
16 94
49 94
59 94
77 94
0 6
35 94
15 94
9 94
52 94
26 94
50 94
77 54
18 54
21 54
2 54
