5
16
13
42
59
11
100
88 99
65 99
26 99
36 99
7 99
87 99
9 99
30 99
15 99
93 66
52 66
85 66
0 66
19 66
29 66
88 61
35 61
83 61
24 61
72 61
46 61
91 61
41 48
31 48
92 48
97 48
55 48
85 48
90 48
54 48
47 48
17 7
0 14
67 48
74 48
44 48
20 69
75 69
0 68
90 69
28 69
97 69
50 69
57 69
95 81
40 81
45 81
88 81
98 81
84 81
44 81
14 81
19 81
29 23
36 23
6 23
71 23
40 23
0 5
31 23
37 1
24 1
62 1
4 1
32 1
85 1
0 58
47 1
84 1
22 1
92 1
70 1
76 1
31 10
0 17
83 10
70 10
68 10
45 10
98 10
43 10
73 10
38 10
18 10
0 89
51 50
56 50
63 50
0 45
25 12
72 50
33 50
64 50
70 50
20 50
65 50
67 17
25 74
25 24
25 98
