5
7
15
68
63
36
100
65 79
4 79
14 79
28 79
24 79
34 79
47 79
13 79
54 79
0 20
0 13
78 79
0 35
0 51
8 79
66 79
41 79
62 79
27 79
0 17
30 79
33 79
37 79
51 79
0 64
52 79
11 79
42 71
13 71
78 71
39 71
11 71
14 71
24 71
20 71
26 71
25 71
45 71
58 71
50 71
51 71
64 71
53 71
8 71
21 71
6 71
0 72
11 22
61 22
62 22
5 22
72 22
34 22
13 22
46 22
57 22
39 22
19 22
51 22
78 22
54 22
67 22
1 22
16 22
0 60
59 22
56 22
40 22
10 22
38 22
70 53
77 53
69 53
20 53
0 53
1 53
5 53
48 53
31 53
0 37
0 69
38 53
57 53
0 44
23 53
73 53
49 53
29 53
62 53
30 53
8 53
0 73
0 27
0 9
0 26
0 1
0 14
0 43
0 10
0 38
