5
20
21
63
41
18
100
19 99
0 65
0 9
62 99
33 99
28 53
28 32
39 99
61 35
90 35
49 35
38 71
19 35
91 35
42 30
59 30
2 30
43 30
55 95
88 95
93 95
68 95
8 66
60 66
60 76
70 66
44 88
87 88
69 88
82 88
60 39
60 17
61 88
60 85
31 37
73 88
47 88
49 88
37 48
32 78
60 64
25 48
60 52
65 78
84 78
51 78
13 78
82 78
94 78
9 78
70 78
43 78
36 19
55 64
53 19
31 49
93 19
71 19
45 19
29 59
94 59
87 59
2 59
40 59
23 59
31 15
31 32
51 59
14 97
1 90
55 11
16 97
2 97
77 6
1 15
65 6
91 6
56 6
76 3
96 3
98 3
62 3
1 10
1 23
1 4
33 3
65 49
64 3
61 72
16 72
42 72
62 72
50 72
65 61
65 93
65 39
47 8
47 70
40 15
40 22
