5
34
58
63
39
52
100
0 99
49 99
60 99
33 99
75 99
46 99
17 85
66 99
55 99
29 99
23 99
42 99
85 99
0 91
27 99
0 70
0 17
10 99
0 16
69 99
61 99
87 99
43 99
79 99
82 99
40 99
95 99
88 99
0 42
86 99
78 99
0 62
57 99
65 99
45 99
3 12
16 99
89 99
94 99
25 99
0 40
0 87
0 3
0 67
0 13
32 99
0 14
62 99
0 9
12 99
0 60
27 76
1 99
0 85
0 44
84 99
5 99
76 99
70 99
67 99
72 99
93 99
47 99
73 99
6 99
4 99
14 99
18 99
68 99
9 99
37 99
64 99
80 99
90 99
30 99
11 99
26 99
98 99
0 77
2 99
97 99
44 99
35 99
43 74
22 99
0 43
48 99
0 6
96 99
8 99
0 33
0 5
3 99
91 99
47 21
0 54
0 83
0 12
7 99
14 21
