5
44
39
25
65
47
100
77 94
0 94
61 94
13 94
89 94
85 94
84 94
5 94
62 94
12 94
0 52
91 94
51 94
83 94
34 94
87 94
23 94
30 94
81 94
31 94
46 94
8 94
64 94
26 94
3 94
41 94
14 94
82 94
88 94
35 37
56 94
42 94
16 94
79 94
57 94
73 94
53 94
21 49
31 50
27 94
92 94
50 94
48 94
63 94
11 94
49 94
93 94
21 94
32 94
59 94
70 94
24 94
36 94
10 94
52 94
7 94
80 94
22 94
18 94
20 94
76 94
71 94
72 94
83 60
9 94
54 94
78 94
66 94
86 94
60 94
33 94
74 94
28 94
55 94
29 94
6 94
38 94
43 94
37 94
69 94
15 94
67 94
40 94
1 94
2 94
90 94
4 94
58 94
35 94
75 94
19 94
68 94
45 94
70 17
14 17
45 17
43 17
0 17
83 17
28 17
