3
58
48
86
87
22 99
0 58
29 99
57 99
10 99
42 94
59 99
42 54
46 85
82 13
70 4
53 85
4 39
61 39
49 20
84 75
82 7
30 75
74 26
76 5
19 49
97 49
69 26
64 26
97 96
8 49
11 91
50 2
25 28
27 48
68 2
27 34
94 31
27 10
95 23
27 93
84 31
52 20
55 20
70 49
28 69
7 69
50 60
78 90
1 54
43 38
96 54
73 80
23 66
23 46
78 35
46 17
6 12
41 18
77 18
29 18
40 18
11 18
16 18
1 45
12 59
41 56
63 59
51 40
49 10
96 73
77 88
68 98
28 45
98 15
64 84
94 37
28 84
35 37
22 37
11 64
33 57
17 30
12 24
87 24
17 92
89 81
71 30
79 13
68 30
33 40
32 16
