5
32
10
56
5
72
100
56 26
55 99
14 99
49 99
0 50
75 99
0 60
44 99
11 99
26 64
35 99
0 14
4 99
7 99
93 99
86 99
94 99
31 25
80 99
77 99
70 99
9 99
42 99
87 99
74 99
92 99
31 99
88 99
0 26
78 99
64 99
38 99
0 41
67 99
0 31
59 99
68 80
60 99
45 99
0 68
37 99
30 99
70 79
12 99
69 97
9 97
0 97
0 70
46 74
83 97
40 97
59 97
91 97
53 97
0 4
57 97
18 97
5 33
76 97
44 97
58 97
1 97
75 97
73 21
39 97
81 97
89 97
46 97
78 97
48 97
47 97
55 97
0 5
25 97
88 97
0 45
0 13
0 63
72 97
33 97
64 97
0 56
36 97
51 97
60 97
93 97
50 97
0 46
0 87
7 35
0 48
88 35
84 35
16 35
21 35
27 35
58 35
0 85
38 35
17 35
