5
22
30
50
49
48
100
16 17
51 53
6 10
49 53
48 52
47 52
45 52
44 46
42 46
41 46
43 46
47 51
44 45
43 45
41 45
40 42
39 42
38 42
37 42
44 47
41 47
39 43
40 43
38 43
33 37
36 37
35 37
34 37
44 37
38 41
39 41
33 40
36 40
34 40
35 40
39 44
36 38
33 38
35 38
32 34
31 34
29 34
33 39
36 39
29 35
32 35
27 31
28 31
25 31
26 31
33 31
32 36
28 29
25 29
27 29
26 29
27 32
26 32
28 32
24 25
23 25
18 21
17 21
20 21
19 21
28 21
27 21
23 26
19 24
20 24
17 24
18 24
28 24
20 23
18 23
10 14
19 23
15 17
14 17
10 13
12 13
11 13
9 13
19 13
20 13
16 18
15 18
9 14
12 14
11 14
19 14
15 20
10 16
11 16
9 16
12 16
11 15
12 15
10 15
8 9
