5
53
43
46
42
63
100
38 99
17 99
26 99
59 99
0 99
88 99
98 99
9 99
94 99
72 99
91 99
77 99
56 99
85 99
3 99
5 99
0 44
60 99
2 99
1 99
45 99
29 99
61 99
34 99
40 99
48 99
73 99
39 99
64 99
80 99
0 20
0 85
0 96
0 37
15 99
62 99
28 99
79 99
32 99
0 19
20 99
30 99
49 99
0 17
54 99
89 99
36 99
71 99
41 99
57 99
87 99
78 99
67 99
21 99
11 99
65 99
51 99
7 99
96 99
75 99
68 84
0 84
10 84
19 84
13 84
18 84
0 1
59 84
5 84
1 84
14 84
0 91
0 87
32 84
48 84
17 84
94 84
26 84
78 84
0 82
89 84
0 22
0 29
27 84
20 84
96 84
0 2
21 84
60 84
0 57
0 34
0 12
56 84
0 77
0 7
0 38
0 10
0 24
0 28
0 83
