5
54
9
95
31
90
100
0 30
44 66
2 64
20 99
13 99
5 99
0 44
0 2
94 99
33 99
78 99
65 99
39 99
23 99
0 26
80 1
71 1
0 47
79 1
0 63
8 1
37 1
51 1
53 1
66 1
29 1
12 48
0 56
66 48
44 48
0 67
46 44
96 74
87 48
34 48
90 48
75 48
43 48
68 38
63 48
49 48
19 36
41 36
32 91
44 36
52 36
52 91
46 68
67 91
81 91
46 96
46 29
46 17
64 91
84 91
83 91
58 91
28 91
61 91
52 94
6 94
61 94
46 98
86 94
70 94
33 94
84 76
34 76
11 76
90 76
93 76
98 76
10 76
22 76
41 17
42 17
74 17
12 17
69 17
61 17
42 4
50 4
23 4
66 4
34 11
13 11
52 11
40 11
64 92
47 92
18 92
83 92
53 92
6 26
87 92
34 92
2 92
46 23
30 92
20 92
