5
7
70
71
18
47
100
92 99
13 99
36 99
38 99
59 99
85 99
9 99
82 99
1 99
33 99
23 99
86 99
80 14
19 99
54 99
0 99
48 99
22 99
68 99
87 99
69 99
84 99
40 99
24 99
78 99
80 99
20 99
3 99
26 99
32 99
25 99
64 99
10 99
79 99
55 99
49 99
94 99
97 99
81 99
31 99
43 99
77 99
93 99
21 99
90 99
98 99
27 99
53 99
76 99
11 99
28 99
51 99
56 99
30 99
6 99
17 99
5 99
8 99
38 66
0 80
67 99
14 99
41 99
4 99
2 99
66 99
65 99
39 99
44 99
88 99
89 99
96 99
37 99
91 99
74 99
34 99
16 99
0 5
50 99
72 99
58 99
62 99
0 28
35 99
95 99
83 99
57 99
52 99
75 99
46 99
29 99
61 99
60 99
15 99
45 99
63 99
42 99
73 99
35 12
10 12
