5
17
36
50
98
70
100
0 99
20 99
69 99
0 26
0 55
65 99
54 99
68 99
96 99
28 99
90 99
52 99
77 99
0 18
38 99
57 99
84 99
13 99
87 99
48 99
92 99
2 99
66 99
41 99
42 99
31 99
83 99
7 99
89 99
76 99
10 99
19 99
72 99
78 99
80 99
73 99
22 99
95 99
14 99
15 99
58 99
59 99
6 99
71 99
0 38
16 99
53 99
18 99
30 99
33 99
51 99
25 99
86 99
34 99
11 99
21 99
0 83
0 69
0 76
0 63
61 99
5 99
23 99
64 99
32 99
91 99
49 99
26 99
1 99
94 99
75 99
63 99
97 99
39 99
82 99
45 99
88 99
74 99
27 99
37 99
4 99
9 99
35 99
81 99
67 99
3 99
47 99
55 99
46 99
0 60
0 78
0 92
0 25
0 49
0 87
0 62
0 47
0 68
0 6
0 9
