5
26
24
3
28
49
100
0 50
11 50
20 50
22 50
23 50
33 50
40 50
44 50
47 50
2 50
7 50
30 50
34 50
42 50
43 50
45 29
48 29
11 29
20 29
33 29
44 29
47 29
1 29
4 29
9 29
5 29
12 29
19 29
30 29
33 37
44 37
1 37
35 37
15 37
2 37
12 37
27 37
21 37
36 37
13 37
39 37
22 32
44 32
16 32
41 32
45 32
20 32
2 32
13 32
6 32
27 32
18 32
8 32
34 32
7 32
15 32
19 32
4 38
44 38
16 38
45 38
47 38
5 38
36 38
39 38
12 38
34 38
10 18
46 18
23 18
44 18
45 18
14 18
6 18
2 18
27 18
21 18
10 30
44 30
45 30
48 30
4 30
47 30
8 30
7 30
6 30
14 30
36 30
21 30
41 13
9 13
23 13
20 13
33 13
44 13
4 13
47 13
1 13
19 13
43 13
