5
76
83
24
15
55
100
71 99
17 99
77 99
22 99
21 99
91 99
39 99
0 73
34 99
0 52
73 99
43 99
0 54
98 99
52 99
0 74
87 99
0 50
59 99
65 99
23 99
0 99
69 99
16 99
11 99
0 9
2 99
62 99
68 99
78 99
25 99
70 99
44 99
12 99
61 99
92 99
67 99
19 99
93 99
7 99
50 99
0 96
28 99
72 99
29 99
88 99
38 99
86 99
4 99
66 99
0 53
13 37
0 81
0 22
0 27
38 37
1 37
0 68
80 37
50 37
27 37
64 37
49 37
0 93
32 37
0 37
22 37
26 37
61 37
29 37
0 41
10 37
43 37
21 37
34 37
0 59
60 37
88 37
0 49
17 37
9 37
65 37
97 37
39 37
66 37
81 37
78 37
74 37
45 37
0 87
0 85
0 98
11 37
30 37
20 37
0 89
0 39
0 6
0 23
0 2
