5
65
49
51
69
46
100
43 70
0 70
0 32
0 20
0 23
0 38
0 47
26 70
34 70
63 70
22 70
61 70
14 70
21 70
64 70
45 70
44 70
0 57
18 70
15 70
3 70
55 70
54 70
0 26
13 70
0 58
57 70
48 70
53 70
11 70
29 70
24 70
50 70
66 70
8 70
4 70
1 70
40 70
59 70
2 70
60 70
10 70
47 70
37 70
41 30
8 30
0 66
60 30
25 30
17 30
11 43
47 30
36 30
5 30
45 30
39 30
15 30
18 30
4 30
34 30
22 30
42 30
33 30
6 30
2 30
0 11
0 53
57 30
21 30
0 17
24 30
43 30
32 30
14 30
3 30
62 30
68 30
0 9
1 30
44 30
61 30
64 30
55 30
28 30
16 11
7 11
58 11
52 11
2 11
0 22
0 43
0 21
0 54
0 60
0 25
0 48
0 7
0 28
0 3
0 14
