5
58
31
49
60
36
100
35 99
93 99
54 99
15 99
79 99
3 99
7 99
33 99
83 99
18 99
0 99
35 48
82 99
12 99
52 99
50 99
68 99
49 61
16 99
71 67
65 99
32 99
0 83
34 99
43 99
64 99
91 99
96 99
88 99
87 99
21 99
74 99
59 99
29 99
50 9
30 99
55 99
81 99
13 99
0 98
92 99
9 99
0 77
0 51
66 99
56 99
24 99
44 99
70 99
73 99
75 99
42 99
71 99
53 99
88 9
0 75
1 99
76 99
48 99
20 99
62 99
39 99
45 99
98 99
26 99
17 99
27 99
80 99
94 99
5 99
40 99
18 38
67 99
63 99
22 99
87 38
74 38
21 38
67 38
35 38
30 38
16 38
37 38
34 38
3 38
1 38
59 38
52 38
75 38
48 38
9 38
27 38
43 38
40 38
80 90
95 38
66 38
20 38
33 38
65 38
