5
86
9
37
7
19
100
26 95
78 95
27 95
44 95
17 95
36 95
23 95
49 95
66 95
28 95
45 95
84 95
22 95
5 95
0 13
80 95
10 95
62 95
68 95
59 95
64 95
89 95
0 95
60 95
63 95
18 95
79 95
4 95
6 95
57 95
67 95
47 95
75 95
77 95
46 95
34 95
0 26
15 95
69 95
43 95
65 95
76 95
0 46
60 93
21 95
0 33
38 95
93 95
42 95
29 20
2 95
51 95
3 95
24 95
87 95
92 95
33 95
16 95
82 95
48 95
11 95
61 95
94 95
35 95
25 95
1 95
14 95
73 95
20 95
85 95
29 95
71 95
56 95
52 95
32 95
39 95
53 95
90 95
72 95
83 95
91 95
8 95
13 95
31 95
58 95
88 95
40 95
50 95
70 95
81 95
55 95
41 95
54 95
30 95
74 95
4 12
23 12
87 12
41 12
38 12
