5
10
35
45
44
76
100
0 4
95 99
0 3
98 99
0 1
2 29
96 99
60 97
2 62
92 97
53 97
93 97
65 97
78 97
48 97
2 41
27 97
87 97
96 97
89 97
49 97
19 97
75 97
29 97
2 86
85 97
74 97
64 97
88 97
18 97
2 46
90 97
2 52
3 97
54 97
67 97
2 93
25 97
31 97
62 97
50 97
23 97
17 97
81 97
9 97
84 70
2 55
98 70
24 70
60 70
2 71
95 70
90 70
2 92
82 70
53 70
52 70
61 70
2 83
2 65
75 70
94 70
71 70
23 70
34 70
2 60
85 70
19 70
1 70
47 70
57 70
86 70
2 88
8 70
55 70
47 17
2 59
93 17
34 17
52 17
65 17
72 17
78 17
90 17
96 17
95 17
98 49
86 17
92 17
66 17
31 17
48 17
88 39
29 39
78 39
49 39
42 39
91 39
94 39
72 39
