5
78
20
10
61
33
100
3 99
16 99
32 99
17 99
21 99
23 8
19 8
0 6
0 14
62 8
4 8
88 8
59 8
70 8
15 8
67 8
54 8
5 8
6 8
64 8
81 8
18 8
49 8
22 8
0 45
43 8
24 8
9 8
73 8
2 8
0 26
83 8
16 8
76 8
3 8
7 8
56 8
60 8
54 34
13 34
42 8
89 8
34 8
3 47
7 47
16 47
0 69
56 34
18 34
42 34
39 34
65 34
0 23
0 28
6 34
43 34
23 34
76 34
22 34
66 48
18 48
6 48
35 48
36 48
0 63
40 63
43 63
24 57
1 57
53 57
0 24
86 57
46 2
26 57
6 57
7 43
42 43
23 43
15 43
71 74
73 74
81 74
50 74
6 74
1 44
80 44
73 44
27 44
2 44
7 44
9 11
4 11
7 11
6 11
39 11
1 11
13 55
39 55
0 7
0 17
