5
23
49
9
43
80
100
0 36
81 95
42 95
47 95
24 95
83 95
14 95
0 62
39 95
0 11
0 49
42 78
32 95
45 95
54 95
64 95
6 95
90 95
20 95
38 95
3 95
40 95
16 95
33 95
41 95
18 63
22 63
0 63
46 63
88 63
16 63
38 63
4 63
0 81
89 47
56 63
94 63
56 17
82 63
35 63
57 78
31 63
37 63
26 63
42 63
6 63
3 63
1 89
85 63
0 56
81 63
27 63
36 63
93 63
54 83
44 63
74 63
0 1
53 63
51 83
0 60
0 15
21 83
42 83
32 83
68 78
56 83
74 83
50 83
57 83
16 83
75 83
11 83
15 83
35 83
1 83
7 83
68 66
48 66
36 66
15 66
60 66
18 66
31 66
12 66
38 66
94 66
51 66
84 66
34 66
35 66
70 66
45 66
58 66
4 66
61 66
69 66
86 66
62 66
21 66
