5
41
71
69
17
67
100
5 79
49 79
29 79
24 79
26 79
31 79
46 79
0 30
58 79
43 79
8 79
2 79
57 79
65 79
36 79
73 79
77 79
0 16
1 79
64 79
0 42
15 79
44 79
78 79
38 16
76 16
43 16
49 16
31 43
47 16
18 16
73 16
57 16
11 16
13 16
74 16
60 16
3 16
12 16
65 16
36 16
2 16
51 16
28 16
44 16
0 66
22 16
58 19
40 19
0 1
59 19
32 68
4 19
68 19
0 19
53 19
20 19
33 19
0 4
0 31
0 46
0 7
49 19
26 19
57 19
63 19
43 19
3 19
34 19
11 19
39 19
9 19
74 19
56 19
21 19
8 19
29 47
33 47
26 47
49 47
6 47
63 47
35 47
54 47
57 47
7 47
51 47
39 47
56 47
50 47
27 47
14 47
75 47
70 47
23 47
24 76
64 76
35 76
0 2
0 24
