5
67
53
50
18
2
100
48 99
4 99
8 99
51 99
26 99
48 86
23 99
20 99
84 68
27 68
35 68
70 68
0 48
91 68
71 68
0 44
0 37
17 68
14 68
58 68
0 69
34 68
0 5
47 68
65 68
73 38
36 38
32 38
54 38
79 38
44 38
22 38
45 38
19 49
27 49
81 49
64 49
10 49
58 49
25 49
70 52
64 52
71 52
80 52
95 52
59 52
96 28
77 28
79 13
13 28
97 28
86 28
88 28
0 31
76 28
3 91
82 91
83 91
0 86
90 91
93 91
48 91
31 91
74 94
37 94
0 7
88 94
77 94
32 94
84 94
14 94
0 62
21 94
16 94
11 94
31 94
86 94
40 23
8 23
44 23
93 23
0 13
33 23
63 23
90 80
8 80
48 80
87 80
93 80
73 80
1 35
71 35
57 35
0 96
37 35
0 26
3 35
86 81
71 81
66 15
