5
85
98
45
57
28
100
16 99
44 99
33 99
60 99
72 99
73 99
32 99
65 99
38 99
50 99
6 99
86 99
10 99
56 99
3 99
11 99
52 99
84 99
95 99
39 99
46 99
5 99
27 99
29 99
76 99
81 99
71 99
80 99
37 99
66 99
40 99
63 99
4 99
70 99
42 99
49 99
59 99
8 99
7 99
88 99
58 99
9 99
61 99
55 99
62 99
34 99
11 25
73 25
84 25
7 25
42 25
70 25
43 25
61 25
95 25
79 25
83 25
15 25
39 25
18 25
65 25
1 25
60 25
36 25
64 25
46 25
69 25
14 25
49 25
47 25
77 25
97 25
33 25
44 25
16 25
63 25
68 25
66 25
40 25
8 25
80 25
91 25
75 25
13 25
88 25
74 25
56 25
90 25
32 25
29 25
53 25
30 25
48 25
92 25
34 25
7 26
49 26
97 26
23 26
50 26
