5
60
91
49
86
19
100
66 99
81 99
20 99
23 99
35 99
77 99
12 99
53 99
36 99
76 99
95 99
89 99
59 99
63 99
6 99
9 99
47 99
92 99
45 99
71 99
51 99
22 99
40 99
37 99
52 99
97 99
5 99
74 99
21 99
33 99
83 99
68 99
98 99
65 99
78 99
76 29
63 29
20 29
21 29
66 29
96 29
62 29
46 29
7 29
0 11
93 29
75 29
84 29
15 29
11 29
45 29
90 29
14 29
85 29
88 29
69 29
24 29
33 29
36 29
16 29
77 29
51 29
17 29
81 29
57 29
39 29
13 29
67 29
33 61
12 61
92 29
80 61
92 61
0 88
32 61
51 61
4 61
72 61
20 61
41 61
0 12
36 61
25 61
0 1
84 61
10 61
71 61
55 61
46 61
65 61
53 61
15 61
47 61
69 61
58 61
14 8
50 61
21 61
0 28
92 27
