5
54
28
60
27
81
100
87 89
19 89
64 89
1 89
86 89
43 89
70 89
59 89
0 78
4 37
62 89
44 89
40 89
35 89
16 89
32 89
71 89
62 39
4 33
44 39
50 39
35 39
15 39
66 39
52 39
0 79
36 39
55 39
0 18
84 39
0 4
0 43
38 39
73 39
3 39
57 39
56 39
58 39
11 39
36 68
75 68
12 68
38 43
10 68
48 68
43 68
23 68
45 68
0 75
26 68
72 68
31 68
5 68
80 68
82 68
73 68
63 68
8 68
16 68
18 68
0 6
58 68
20 68
0 86
11 68
53 68
3 56
73 56
85 56
26 56
0 71
76 56
69 56
30 56
63 56
82 56
38 56
49 56
15 56
22 56
64 56
37 56
35 56
86 56
16 56
32 56
47 4
0 88
17 22
25 77
22 4
77 4
51 4
20 4
88 4
1 4
16 4
55 4
62 4
64 4
