5
6
42
1
13
16
100
0 50
2 50
3 50
4 50
5 50
0 7
8 7
9 7
10 7
11 7
12 7
14 7
15 7
17 7
18 7
19 7
20 7
21 7
22 7
23 7
24 7
25 7
26 7
27 7
28 7
29 7
30 7
31 7
32 7
33 7
34 7
35 7
36 7
37 7
38 7
39 7
40 7
41 7
43 7
44 7
45 7
46 7
47 7
48 7
49 7
2 7
3 7
4 7
0 5
8 5
9 5
10 5
11 5
12 5
14 5
15 5
17 5
18 5
19 5
20 5
21 5
22 5
23 5
24 5
25 5
26 5
27 5
28 5
29 5
30 5
31 5
32 5
33 5
34 5
35 5
36 5
37 5
38 5
39 5
40 5
41 5
43 5
44 5
45 5
46 5
47 5
48 5
49 5
2 5
3 5
0 4
8 4
9 4
10 4
11 4
12 4
14 4
15 4
17 4
18 4
