5
30
37
36
83
87
100
46 99
33 99
59 99
64 99
0 12
68 67
9 67
46 67
62 22
68 22
0 97
0 53
33 57
0 82
65 22
49 52
39 52
41 52
13 27
33 82
4 27
98 27
74 97
89 9
89 38
58 69
14 61
58 2
51 61
56 61
58 24
38 79
8 62
31 26
38 19
55 26
44 26
92 73
45 73
50 15
46 73
15 16
17 47
24 34
94 16
28 16
64 19
2 19
93 66
32 39
45 39
84 47
49 95
93 91
93 65
25 47
35 4
42 4
84 88
80 88
72 88
6 74
94 31
94 43
41 7
28 74
95 11
41 98
95 56
20 21
32 10
78 10
77 10
80 96
66 51
91 96
11 96
45 86
75 85
79 54
31 54
42 25
57 25
70 28
9 8
71 63
34 63
31 63
34 70
75 29
45 35
66 59
76 32
15 42
86 18
6 98
57 92
69 9
69 72
80 13
