5
93
89
83
30
34
100
0 16
0 71
0 21
36 99
85 99
11 99
1 99
0 17
50 99
25 99
82 6
75 99
64 99
54 99
31 99
9 99
18 99
0 65
0 82
13 99
77 99
24 99
41 99
14 99
62 99
27 99
59 99
4 99
92 99
69 99
21 99
55 99
19 99
16 99
45 99
3 99
72 99
66 99
90 99
0 23
0 27
87 99
8 99
33 99
0 39
65 99
70 99
20 99
10 99
71 99
7 99
81 99
0 99
91 66
79 99
76 99
0 36
28 99
23 99
68 99
53 99
32 99
82 99
74 99
58 99
40 99
0 47
26 99
39 99
35 15
56 99
5 99
86 99
61 99
37 99
63 99
2 99
47 99
35 99
48 99
78 99
67 99
97 99
94 99
45 52
43 99
44 99
52 99
88 99
29 99
60 99
38 99
49 99
80 99
46 99
51 99
73 99
12 99
0 91
95 99
