5
73
4
52
9
45
100
83 88
67 88
24 58
2 58
39 23
0 69
40 58
3 58
30 58
81 58
83 1
0 26
0 44
54 1
67 1
64 1
84 5
36 5
0 39
27 5
65 5
67 5
24 36
70 5
26 5
32 5
50 5
39 55
18 55
75 55
10 59
82 59
0 24
62 59
70 59
76 59
11 59
25 53
0 42
24 53
48 53
34 53
0 8
0 23
37 14
12 14
79 14
7 27
6 27
41 27
74 27
80 27
31 27
69 30
7 41
67 30
7 16
21 41
42 30
70 25
80 77
7 72
65 30
20 30
21 72
23 30
25 30
33 30
34 63
60 63
25 63
46 76
39 76
28 76
29 83
87 83
25 54
84 54
65 54
69 41
33 41
7 80
7 18
7 21
7 10
37 12
84 61
81 41
70 37
20 41
40 82
84 46
28 15
84 36
28 26
34 26
78 15
87 82
25 82
62 82
