5
26
92
80
27
62
100
0 25
84 93
2 93
57 93
55 93
77 93
42 93
25 93
90 93
81 93
21 93
69 93
82 93
4 93
54 93
0 31
43 93
8 93
76 93
22 93
86 93
23 93
11 93
52 93
14 93
41 93
39 93
70 93
59 93
28 93
66 93
14 19
55 19
49 19
24 19
16 19
73 19
22 19
76 19
0 30
83 19
85 19
6 19
0 76
63 19
84 19
41 19
25 19
5 19
70 19
17 19
66 19
67 19
46 19
8 19
39 19
3 19
0 51
13 19
45 19
0 53
0 12
38 19
33 19
29 19
72 19
15 19
28 19
4 81
30 81
12 81
49 81
23 81
90 81
91 81
85 81
16 81
48 81
59 81
55 81
3 81
73 81
70 81
10 81
18 81
54 81
38 81
37 81
77 81
31 81
0 84
0 4
0 90
0 2
0 78
0 52
0 45
0 41
0 49
0 13
