5
72
83
88
82
78
100
0 4
0 1
0 5
98 99
97 99
95 99
0 2
3 55
96 99
70 94
97 94
79 94
55 98
91 94
55 59
55 95
55 70
84 94
69 94
61 94
68 94
89 94
55 62
86 94
76 94
75 94
56 94
55 94
66 94
87 94
77 94
81 94
74 94
63 94
60 94
96 80
98 94
62 94
96 94
58 94
92 94
90 94
73 94
85 94
93 94
55 73
57 94
65 94
80 94
95 94
64 94
67 94
71 94
63 59
93 59
98 59
73 59
95 59
76 59
80 59
90 59
69 59
57 59
96 59
62 59
91 59
84 59
64 59
70 59
55 81
58 59
77 59
66 59
67 59
55 85
86 59
56 59
81 59
74 59
61 59
97 59
55 75
71 59
92 59
65 59
55 97
85 59
68 59
87 59
55 96
75 59
79 59
60 59
87 89
55 61
55 64
63 89
70 89
80 89
61 89
