5
36
63
42
95
5
100
80 99
49 99
0 98
66 99
93 99
54 99
21 99
0 26
11 99
88 99
48 99
67 99
55 99
32 99
89 99
8 99
13 99
38 99
70 99
0 53
15 99
64 99
81 74
47 74
50 74
0 35
40 74
18 74
46 74
93 74
84 74
3 83
54 83
13 83
21 83
67 83
89 83
61 83
76 83
84 83
87 83
1 83
17 83
81 83
80 83
26 83
56 83
14 83
37 51
10 51
78 51
35 51
50 51
75 51
0 54
11 51
41 51
54 51
1 51
84 51
0 43
9 60
50 60
29 60
39 60
97 60
0 66
96 60
0 10
0 65
0 89
0 64
67 24
0 12
52 60
8 60
82 60
54 60
62 60
64 60
22 60
89 60
46 60
49 60
67 1
98 76
0 57
0 17
0 85
67 17
75 76
0 80
10 76
0 14
0 34
0 23
67 19
67 20
67 40
67 57
