5
36
45
56
22
54
97
0 59
0 26
38 59
49 59
10 59
20 59
32 17
40 17
21 52
4 52
0 35
0 40
25 32
25 35
28 52
16 34
32 34
25 29
25 44
7 3
38 27
30 27
32 41
23 41
46 41
24 41
5 41
11 19
1 43
57 43
11 38
48 43
8 43
10 43
11 35
11 47
5 13
16 13
33 13
31 13
17 13
7 28
49 28
26 28
31 28
37 24
16 24
57 53
40 50
21 50
16 55
9 55
2 55
42 58
33 58
29 58
57 58
17 58
47 16
48 58
23 58
6 42
47 5
15 58
18 6
19 58
51 58
15 12
26 51
15 8
1 23
23 8
40 8
37 7
20 10
30 10
29 10
23 2
33 1
17 30
49 30
37 30
5 57
38 30
35 19
32 19
38 19
49 21
5 17
49 1
44 35
5 23
20 15
44 23
16 23
15 23
57 31
