5
44
67
15
48
59
100
65 99
4 99
43 99
18 99
6 99
57 99
83 99
8 99
56 12
84 12
66 12
31 12
40 12
7 12
98 78
88 12
60 12
13 96
74 96
86 96
7 96
33 96
14 96
8 96
1 32
0 77
25 11
19 11
14 11
97 11
88 11
80 77
24 37
46 37
0 98
85 37
77 37
49 37
93 37
62 37
24 68
60 38
2 68
3 68
52 68
85 68
6 68
23 68
81 21
58 21
40 21
82 21
1 98
30 21
0 1
90 21
0 57
13 21
0 60
97 21
20 65
38 65
81 65
28 65
84 65
89 65
56 30
82 60
19 60
94 60
57 60
93 60
62 95
32 95
56 8
91 95
17 95
80 95
53 95
5 95
93 95
13 98
62 98
80 98
92 98
51 74
33 74
92 74
14 74
34 74
86 74
7 74
71 39
51 39
32 39
43 39
17 22
54 22
34 22
86 22
