1
56
95
0 99
43 45
36 38
62 64
57 59
81 83
20 22
68 70
19 21
18 20
52 53
30 32
47 49
48 50
94 96
95 97
53 55
73 75
74 76
72 74
71 73
12 14
40 41
75 76
71 72
69 70
3 5
0 2
4 5
6 8
7 9
8 10
98 97
17 19
16 18
15 17
14 16
13 15
78 80
77 79
77 78
46 48
45 47
44 46
35 37
39 41
42 44
38 40
37 39
32 34
35 36
33 34
31 33
42 43
11 13
10 12
9 11
6 7
68 69
65 67
66 67
64 66
63 65
62 63
52 54
49 51
50 51
29 31
29 30
26 28
21 23
29 28
22 24
25 27
24 26
23 25
93 95
92 94
91 93
90 92
89 91
88 90
87 89
86 88
85 87
81 82
79 80
3 4
1 2
84 86
83 85
82 84
59 61
58 60
60 61
