5
25
20
61
38
30
100
8 99
47 99
22 99
0 37
87 99
71 99
9 99
0 79
48 99
57 99
6 99
3 99
89 99
0 28
16 99
66 99
26 99
0 99
1 99
75 99
88 99
28 99
92 99
64 99
97 99
40 99
14 99
54 99
73 99
24 99
43 99
82 99
68 99
17 99
34 99
37 99
13 99
29 99
0 78
62 99
35 99
69 99
56 99
0 44
45 99
32 99
84 99
90 99
0 49
41 99
42 99
4 99
7 99
78 99
18 99
95 99
97 33
69 33
39 33
63 33
77 33
23 33
24 33
80 33
58 33
83 33
98 33
57 33
44 33
62 33
13 33
54 33
84 33
0 90
4 33
87 33
11 33
36 33
89 33
79 33
43 33
55 33
35 33
0 39
8 33
96 33
66 33
95 33
71 33
75 33
17 33
64 33
42 33
67 33
5 33
45 33
26 33
1 33
40 33
48 33
