5
51
71
54
14
69
100
90 95
0 1
68 95
89 95
19 95
62 95
0 17
66 95
7 95
37 95
61 95
45 95
33 95
65 95
35 95
75 95
29 95
64 95
38 95
1 95
94 95
17 95
67 95
41 95
34 95
56 95
0 95
85 95
2 95
79 95
48 95
52 95
60 95
15 95
0 33
0 41
12 95
93 95
47 95
91 95
21 95
22 95
10 95
11 95
20 95
46 95
72 95
92 95
53 95
28 95
9 95
0 60
31 95
32 95
40 95
83 95
70 95
6 95
87 95
8 95
50 95
18 95
59 95
0 82
74 95
25 95
57 95
55 95
81 95
30 95
26 95
0 94
73 95
16 95
27 95
42 95
44 95
76 95
36 95
23 95
86 95
58 95
3 95
49 95
6 58
36 58
4 95
84 95
78 95
80 95
82 95
24 95
39 95
77 95
88 95
13 95
43 95
0 6
0 10
5 95
