5
42
57
83
21
64
100
0 86
49 99
2 99
79 33
5 99
80 99
34 99
29 99
3 99
0 2
0 99
17 99
67 99
79 69
9 99
72 99
10 99
14 99
32 99
0 54
13 99
41 99
60 99
78 99
58 99
56 99
11 99
76 99
46 99
30 99
15 99
68 99
62 99
95 99
0 7
96 99
1 99
82 99
0 45
98 99
8 99
65 99
0 11
0 91
31 99
35 99
0 79
66 99
0 89
44 99
74 99
12 99
97 99
91 99
69 99
75 99
0 38
85 99
88 99
92 99
45 99
7 99
87 99
94 99
47 99
61 99
33 99
40 99
81 99
59 99
16 99
0 55
70 99
26 99
43 99
63 99
51 99
52 99
48 79
20 79
92 79
73 79
46 79
45 79
58 79
61 79
16 79
54 79
24 79
87 79
51 79
75 79
94 79
36 79
39 79
27 79
18 79
96 79
0 87
0 1
