5
92
56
38
89
32
100
0 19
0 94
3 98
0 90
47 98
0 10
40 98
16 98
26 98
58 98
87 98
0 82
0 57
15 98
75 98
42 98
63 98
45 98
0 53
78 98
82 98
46 98
24 98
0 79
0 80
0 23
57 98
88 98
50 70
2 98
35 98
95 98
52 98
91 98
61 98
28 98
96 98
39 98
55 98
0 69
18 98
22 98
54 98
37 98
93 98
0 34
5 98
74 98
85 98
70 98
29 98
17 98
14 98
23 98
0 50
65 98
67 98
72 76
58 76
27 76
81 76
36 76
90 76
73 76
93 76
34 76
88 76
0 13
64 76
70 76
67 76
80 76
44 52
0 28
3 76
52 76
14 76
33 76
39 76
35 76
26 76
22 76
37 76
74 76
87 76
66 76
49 76
75 76
9 76
0 88
7 76
17 76
85 76
59 76
2 76
42 76
19 83
41 76
48 76
86 76
