5
82
89
55
68
21
100
0 95
0 7
69 99
78 99
48 99
40 99
12 99
24 99
91 99
35 99
11 99
72 99
93 99
96 99
95 99
33 99
30 99
73 99
85 99
27 99
90 99
52 99
0 31
7 99
77 99
66 99
36 99
29 99
79 99
41 99
6 99
60 99
2 99
67 99
57 99
37 99
1 99
94 99
5 99
43 99
0 18
92 99
22 99
0 1
13 99
50 99
58 99
75 99
0 19
45 99
47 99
70 99
87 99
39 99
44 99
4 99
53 99
25 99
0 94
74 99
62 99
34 99
71 99
88 99
31 99
0 23
32 99
81 99
56 99
51 99
42 99
16 99
97 99
23 99
49 99
86 99
80 99
65 99
0 58
17 99
0 60
38 99
19 99
15 99
8 99
28 99
0 67
26 99
46 99
20 99
83 99
98 99
9 99
10 99
76 99
59 99
64 99
63 99
18 99
0 17
