5
8
12
22
34
2
100
81 93
41 93
89 93
35 93
1 93
2 93
18 93
65 93
56 93
86 93
4 93
51 93
0 11
32 93
46 79
53 93
62 93
0 93
46 93
0 54
20 93
57 93
87 93
75 93
70 93
73 27
26 93
50 93
92 93
43 93
0 46
67 93
77 93
0 48
0 76
0 42
29 93
17 93
0 24
56 52
0 52
49 52
39 52
57 52
89 52
24 52
0 43
0 23
79 52
2 52
11 52
0 71
0 25
18 52
16 52
30 52
59 52
27 52
75 52
10 52
83 52
62 52
74 52
63 52
0 17
61 52
81 52
48 52
70 52
78 52
0 35
20 52
0 83
45 52
41 52
92 52
15 52
77 52
38 52
0 64
19 52
32 52
33 86
17 86
62 86
58 86
24 86
30 86
0 57
0 61
87 86
76 86
0 40
0 90
16 86
35 86
92 86
48 86
39 86
27 86
