5
21
8
47
9
19
100
10 98
60 98
2 98
26 98
71 98
12 98
3 98
22 98
81 98
29 98
82 98
97 98
0 49
88 79
59 98
57 98
92 98
17 98
53 98
39 98
45 98
63 98
0 18
0 69
31 98
4 98
19 98
0 88
11 98
54 98
89 98
58 98
69 98
50 98
13 98
36 98
44 98
0 29
0 26
72 65
91 65
11 65
41 65
36 65
0 14
71 65
90 65
25 4
55 65
1 65
40 65
78 65
64 65
46 65
88 65
10 65
18 65
0 57
0 6
81 65
15 65
19 65
5 65
24 65
75 65
63 65
39 65
74 65
96 65
42 65
3 65
59 65
59 6
12 6
28 6
72 6
52 6
89 6
51 6
1 6
61 6
50 6
93 6
0 27
53 6
0 70
71 6
33 6
25 6
83 6
79 6
11 6
0 72
0 68
97 6
27 6
14 6
30 6
16 6
57 6
