5
91
21
19
14
41
100
46 99
5 99
20 99
6 99
62 99
39 99
45 93
85 93
29 93
75 96
56 93
61 93
59 93
89 93
35 93
36 96
35 83
89 83
12 83
85 83
28 83
56 83
43 83
3 68
23 86
51 86
32 86
53 86
94 86
2 86
28 43
65 43
67 43
89 43
2 43
51 7
28 6
67 6
39 6
20 6
62 6
32 94
58 81
20 46
94 46
50 46
5 46
39 46
20 62
5 62
94 62
67 39
50 39
20 39
95 48
76 17
11 5
37 5
50 5
50 20
53 94
2 94
96 89
33 96
61 89
85 89
59 89
56 89
92 29
74 29
96 29
61 35
59 35
65 35
12 35
96 85
56 35
85 35
28 35
7 67
0 36
80 51
68 51
64 51
57 7
57 51
59 12
59 65
23 51
28 67
42 29
64 61
64 29
68 29
74 45
96 45
92 45
56 65
64 45
85 61
