5
58
27
45
14
32
100
39 93
82 93
11 93
19 93
43 93
53 93
80 93
17 93
86 93
46 93
37 93
36 93
55 93
13 93
9 93
65 93
88 93
6 93
52 20
18 93
54 93
75 93
20 93
25 12
92 12
74 12
24 12
20 12
91 12
34 12
54 12
22 50
17 12
60 12
8 12
65 12
62 12
21 73
67 66
92 66
43 66
6 66
22 23
39 66
23 66
38 66
62 66
83 66
36 66
0 28
20 66
70 66
75 66
31 66
53 66
50 66
91 66
80 66
89 66
57 66
62 60
26 60
25 60
64 60
41 60
43 60
59 60
0 60
21 60
90 60
29 60
19 60
71 60
2 60
24 60
70 60
7 60
48 60
33 60
73 60
84 60
57 60
34 60
82 60
31 44
55 44
79 44
11 44
54 44
63 44
92 44
34 44
77 44
67 44
81 44
13 44
68 44
42 44
43 51
75 51
