5
26
44
51
37
88
100
42 99
78 99
73 99
28 99
38 99
25 99
0 49
27 99
0 69
0 17
12 99
68 99
0 89
11 99
55 99
29 99
89 99
97 99
91 99
82 99
65 99
86 99
96 99
95 99
3 99
0 99
36 99
18 99
0 28
0 47
2 99
93 99
13 99
0 9
74 99
0 92
75 99
58 99
56 99
20 99
5 99
1 99
50 99
23 99
60 99
69 99
66 99
0 52
10 99
90 99
61 99
33 99
76 99
83 99
15 99
6 99
7 99
0 81
22 99
40 99
77 99
8 99
71 99
24 99
62 99
57 99
49 99
0 12
38 35
46 99
35 99
52 99
32 4
63 4
8 4
0 48
47 4
0 95
23 4
83 4
91 4
0 56
0 13
11 4
17 4
53 4
14 4
0 29
89 4
58 4
42 4
36 4
0 78
0 45
60 4
0 79
0 1
0 3
0 73
0 38
