5
41
48
50
19
83
100
91 92
83 92
0 4
0 92
77 92
73 92
1 92
0 35
34 92
66 92
71 92
46 92
60 92
56 92
37 92
26 92
70 92
0 59
28 92
18 92
12 92
36 92
11 92
55 92
51 92
81 92
74 92
6 92
32 92
25 92
49 92
2 92
89 92
14 92
87 92
80 92
69 92
38 92
10 92
22 92
35 92
75 92
44 92
7 92
62 92
40 92
90 92
61 92
43 92
47 92
5 92
52 92
23 92
84 92
0 23
17 92
82 92
21 92
58 92
57 92
13 92
65 92
9 92
20 92
85 92
39 92
78 92
72 92
33 92
45 92
73 64
30 92
3 92
64 92
4 92
42 92
63 92
88 92
19 92
15 92
76 92
8 92
27 92
67 92
53 92
86 92
59 92
54 92
68 92
29 92
79 92
16 92
31 92
10 24
22 24
43 24
0 24
20 24
86 24
90 24
