5
97
45
81
1
33
100
3 99
41 99
23 99
0 51
76 99
0 14
64 99
0 40
75 99
39 99
35 99
20 99
90 99
98 99
14 99
13 99
25 99
11 99
83 99
66 99
40 99
55 99
38 99
17 99
93 99
43 99
68 99
32 99
21 99
94 99
0 74
0 94
4 99
34 99
74 99
96 99
95 99
53 99
0 16
0 34
0 62
0 41
72 99
9 99
28 99
29 99
80 99
73 99
86 99
59 99
5 99
18 99
24 99
77 99
61 99
50 99
31 99
26 99
89 99
52 99
6 99
79 99
22 99
69 99
54 99
63 99
46 99
2 99
57 99
47 99
12 99
58 99
10 99
65 99
60 99
88 99
85 99
67 99
42 99
92 99
84 99
62 99
48 99
82 99
30 99
71 99
87 99
19 99
37 99
36 99
0 75
51 99
56 99
91 99
0 83
0 37
0 79
16 99
0 71
0 59
