5
83
64
7
65
38
100
16 95
49 95
82 95
30 95
31 95
0 53
59 95
36 95
84 95
73 95
76 95
92 95
71 95
44 95
0 95
74 95
1 95
20 95
78 95
56 95
0 10
77 95
0 4
35 95
89 95
54 95
8 95
46 95
66 95
0 92
0 66
0 12
23 95
5 95
0 57
52 95
32 95
17 95
93 95
27 95
51 95
22 95
80 95
75 95
69 95
25 95
87 95
47 95
10 95
50 95
6 95
24 95
3 95
0 55
55 95
88 95
0 11
91 95
45 95
57 95
58 95
60 95
9 95
72 95
0 90
79 95
0 87
48 95
81 95
34 95
40 95
19 95
85 95
0 45
70 95
0 13
94 95
0 36
68 95
86 95
39 95
13 95
26 95
28 95
90 95
15 95
0 50
63 95
0 34
11 95
0 24
0 74
0 75
0 78
0 93
0 6
0 22
0 56
0 5
0 67
