5
34
38
96
60
52
100
17 99
0 12
0 11
31 99
81 99
76 99
0 13
56 99
78 99
0 61
0 94
72 1
10 1
27 1
58 1
0 86
0 97
71 54
17 56
74 56
79 54
12 56
21 56
49 56
76 46
22 46
44 7
13 46
21 46
71 15
71 79
66 36
92 36
74 36
71 88
63 36
2 36
71 44
21 36
64 19
64 14
64 29
82 73
74 66
74 25
68 33
35 40
21 33
40 33
54 95
85 33
39 33
41 83
74 13
74 24
54 31
82 57
80 57
14 57
66 47
82 47
91 47
84 47
21 5
73 47
49 47
20 92
21 86
7 92
10 72
23 72
15 72
35 72
61 72
53 72
13 72
69 72
40 73
18 98
49 98
19 98
22 93
40 80
40 50
5 25
90 25
43 81
18 16
2 25
43 95
43 7
43 24
43 5
18 68
18 15
18 69
18 44
3 6
3 65
27 62
