5
7
57
73
62
16
100
35 98
21 82
92 98
5 98
69 98
83 98
64 98
18 98
61 98
46 98
29 98
6 98
0 21
3 76
79 98
93 98
59 98
90 98
0 3
13 98
95 98
11 98
2 98
14 98
76 98
47 98
33 98
0 61
32 98
50 98
17 98
60 98
65 98
0 43
63 98
28 34
0 90
22 98
17 51
78 98
80 98
0 98
26 98
28 41
12 98
27 98
0 35
9 98
0 40
0 28
47 41
21 98
67 98
41 98
1 98
55 98
68 98
39 98
70 98
32 86
4 98
44 98
81 98
31 98
74 98
58 98
24 98
97 98
36 98
3 98
43 98
77 98
10 98
20 98
42 98
84 98
23 98
8 98
54 98
91 98
85 98
37 98
94 98
52 98
48 98
66 98
17 32
82 98
87 98
38 98
49 98
34 98
75 98
56 98
40 98
28 98
51 98
45 98
89 98
96 98
