5
87
33
15
20
36
100
0 50
0 96
97 99
42 99
0 79
41 99
71 99
49 99
78 99
1 99
25 99
80 99
0 56
67 99
2 99
85 99
50 99
0 12
5 99
75 99
38 99
23 99
13 99
0 37
61 99
43 99
66 99
0 45
76 99
90 99
93 99
56 99
57 99
77 99
52 99
79 99
24 99
92 99
14 99
58 99
89 99
35 99
45 99
6 99
59 99
22 99
32 99
0 51
82 99
47 99
98 99
17 99
37 99
29 99
0 72
0 40
86 99
21 99
51 99
74 99
95 99
96 99
9 99
34 99
0 55
40 99
0 29
94 99
83 99
27 99
18 99
62 99
0 30
4 99
16 99
30 99
88 99
0 10
28 99
54 99
0 66
65 99
84 99
60 99
91 99
0 44
19 99
0 99
63 99
68 99
46 99
70 99
11 99
48 99
72 99
0 54
0 14
0 93
31 99
0 94
