5
58
37
63
65
76
100
22 62
10 95
9 95
84 95
67 95
44 95
91 95
12 95
70 95
72 95
27 95
80 95
0 22
88 95
53 95
25 95
0 61
56 95
5 95
22 95
82 95
66 95
81 95
74 95
17 95
52 95
93 95
45 95
14 95
0 95
71 95
83 95
10 7
0 83
2 95
48 95
40 95
49 95
28 95
18 95
16 95
85 95
86 95
7 95
21 95
94 95
11 95
26 95
19 95
1 95
79 95
69 95
64 95
30 95
3 95
61 95
32 95
68 95
57 95
4 95
34 95
55 95
13 95
59 95
6 95
20 95
78 95
0 47
41 95
42 95
47 95
31 95
50 95
87 95
90 95
15 95
46 95
29 95
73 95
60 95
92 95
77 95
38 95
8 95
24 95
36 95
23 95
89 95
35 95
54 95
62 95
75 95
33 95
39 95
43 95
33 51
19 51
40 51
0 51
2 51
