5
75
89
94
90
61
100
45 99
0 99
57 99
80 99
76 99
8 99
59 99
58 99
44 99
0 25
87 99
56 99
15 99
73 99
0 62
38 99
0 48
0 45
35 21
0 72
42 99
0 35
12 99
62 99
7 99
20 99
41 99
6 99
81 99
69 99
48 99
13 99
78 99
17 99
67 99
0 21
4 99
7 22
84 99
54 99
65 99
96 99
49 99
0 27
40 99
3 99
31 99
82 99
0 65
10 99
72 99
47 99
0 55
30 99
33 99
83 99
2 99
46 99
35 99
37 99
29 99
68 99
41 67
53 99
21 99
36 99
0 41
14 99
74 99
28 99
63 99
55 99
91 99
43 99
5 99
64 99
88 99
92 99
79 99
1 99
9 99
71 99
16 99
39 99
32 99
18 99
54 51
2 86
58 86
52 86
11 86
51 86
79 86
6 86
49 86
21 86
66 86
16 86
39 86
5 86
