5
26
82
7
56
85
100
16 99
71 99
91 99
25 99
23 99
0 11
74 99
0 99
73 99
70 99
62 99
38 99
0 95
2 99
35 99
96 99
95 99
36 99
0 58
57 99
97 99
76 99
0 44
0 32
0 8
0 43
0 27
87 99
0 70
51 99
17 99
0 40
0 37
0 33
46 99
68 99
79 99
89 99
59 99
44 99
48 99
3 99
6 99
61 99
80 99
27 99
98 99
54 99
30 99
66 99
75 99
72 99
0 79
14 99
0 46
65 99
88 99
77 99
41 99
78 99
10 99
40 99
49 99
0 87
55 99
93 99
34 99
43 99
1 99
83 99
58 99
15 99
92 99
21 99
84 99
11 99
0 59
0 14
20 99
63 99
31 99
19 99
4 99
0 92
9 99
18 99
42 99
0 94
0 22
0 13
0 6
0 72
0 2
0 77
0 31
0 80
0 98
0 68
0 96
0 75
