2
57
39
99
24 69
46 69
11 67
4 67
32 67
10 67
38 3
5 3
0 52
8 3
35 3
68 3
18 3
46 3
1 52
34 52
64 52
61 52
56 26
2 36
33 41
1 41
0 9
0 25
60 9
0 64
4 9
13 9
11 9
45 9
20 23
33 4
17 4
15 4
1 4
25 4
7 64
66 64
58 64
44 65
45 17
22 17
2 28
0 33
7 11
38 11
33 34
62 34
1 34
14 34
56 34
59 21
6 54
1 66
0 15
15 61
44 49
19 20
6 29
53 29
49 37
5 37
58 37
14 13
24 13
51 13
0 42
0 2
0 12
27 10
7 46
49 43
2 5
68 43
42 5
68 5
56 45
24 5
16 10
1 45
60 30
30 45
15 16
30 16
62 16
2 7
25 16
7 59
7 42
58 51
19 51
56 6
2 1
38 6
7 68
62 6
12 6
58 14
47 58
