5
61
27
32
22
74
100
81 99
0 95
0 49
83 99
0 7
12 99
62 99
47 99
88 99
69 99
82 99
25 99
16 99
31 78
19 60
10 99
86 99
11 99
0 70
0 76
48 99
0 67
84 54
0 16
60 99
45 99
17 99
13 99
75 99
29 99
77 99
0 55
24 99
97 99
58 99
15 99
44 99
18 99
57 99
41 99
21 99
26 99
5 99
98 99
46 99
3 99
40 99
65 99
19 99
36 99
0 84
0 87
63 99
72 99
95 99
0 99
64 99
54 99
14 99
7 99
33 99
71 99
92 99
52 99
90 99
85 99
87 99
89 99
23 99
50 99
76 99
0 21
38 99
93 99
70 99
78 99
75 91
0 77
0 29
53 99
84 99
37 99
56 99
0 31
1 99
0 75
2 99
51 99
43 99
91 99
94 99
42 99
8 99
9 99
66 99
31 99
0 58
39 99
59 99
67 99
