5
19
16
26
49
51
100
56 59
44 59
8 59
4 59
33 59
5 59
0 56
0 3
0 13
40 59
32 52
0 21
9 59
41 59
52 59
0 33
28 59
0 40
57 59
37 59
48 59
55 59
0 59
6 59
45 59
30 59
13 59
0 2
7 59
2 59
0 34
0 50
42 59
0 44
6 14
10 59
34 59
0 29
11 59
39 59
36 59
15 59
23 59
43 59
29 59
17 59
31 59
32 59
22 59
0 28
38 59
0 32
0 6
0 47
27 59
53 59
35 59
54 59
0 37
47 59
25 59
18 59
50 59
0 14
12 59
14 59
0 22
0 36
21 59
3 59
1 59
21 24
28 24
4 24
32 24
41 24
52 24
22 24
0 27
36 24
48 24
0 24
0 5
57 24
25 24
17 24
45 41
0 58
0 38
31 24
35 24
53 24
18 24
0 31
0 54
55 24
1 24
0 45
0 15
38 24
