5
5
92
77
17
58
100
5 99
97 99
18 99
0 42
58 99
0 23
22 99
0 49
83 99
2 99
66 99
3 99
40 99
26 24
15 99
0 69
74 55
36 99
27 99
90 99
0 74
0 70
14 99
41 99
0 8
93 60
94 99
43 99
0 99
0 57
12 99
0 53
50 99
26 99
11 99
0 27
51 99
45 99
73 62
74 99
94 62
9 99
54 99
24 99
0 72
86 99
88 34
62 99
0 96
0 7
19 99
79 99
13 99
35 99
0 88
76 99
91 7
0 95
72 99
63 99
57 99
71 99
15 41
89 99
80 99
21 99
82 99
73 99
81 99
70 99
42 99
15 31
48 99
0 50
78 99
84 99
61 99
20 99
6 99
56 99
98 99
68 99
29 99
0 91
0 62
49 99
64 99
65 99
32 99
10 99
85 99
30 99
93 99
0 87
0 15
0 94
4 99
47 99
59 99
33 99
