5
9
89
56
78
28
100
67 99
86 99
5 99
47 99
0 79
53 99
55 99
26 99
31 99
44 99
83 99
77 99
76 99
45 99
12 99
52 99
84 99
1 99
73 99
64 99
90 99
10 99
14 99
20 99
15 99
13 99
33 99
25 99
72 99
0 64
66 99
0 99
11 99
0 77
91 99
19 99
17 99
37 99
0 17
32 99
28 99
0 74
0 42
82 99
8 99
63 99
69 99
27 99
74 99
58 99
4 99
30 99
57 99
18 99
98 72
21 99
68 99
38 99
83 79
70 79
10 79
64 79
69 79
29 98
12 98
20 79
22 79
67 79
88 79
76 79
37 79
92 79
50 79
49 79
42 79
5 79
25 79
98 79
21 79
12 79
61 79
62 79
86 79
1 79
18 79
0 91
8 79
87 79
57 79
91 79
82 79
97 79
80 79
2 79
0 75
3 79
12 1
29 87
65 79
60 79
