5
1
73
8
91
53
87
0 1
2 1
12 99
36 38
93 95
92 94
54 56
55 57
88 90
87 89
71 72
68 70
69 70
38 40
19 21
18 20
20 21
14 16
13 15
63 64
62 64
61 63
26 28
27 29
35 37
28 30
29 31
41 43
67 69
66 68
37 39
6 7
50 52
49 51
97 99
96 98
60 62
39 40
41 42
95 97
59 61
59 60
33 34
26 27
23 25
22 24
21 23
65 67
64 66
86 88
85 87
84 86
83 85
94 96
42 44
43 44
45 47
46 48
44 46
47 49
48 50
32 34
31 33
30 32
35 36
12 14
11 13
10 12
9 11
26 25
3 5
4 5
2 4
82 84
81 83
80 82
79 81
78 80
77 79
76 78
75 77
56 58
57 58
18 19
15 17
16 17
74 76
