5
88
5
82
15
90
100
76 93
30 93
50 93
37 93
34 93
13 93
90 93
75 91
44 93
89 93
29 93
83 93
47 93
55 93
8 93
54 93
67 93
80 93
61 93
6 93
0 35
15 93
2 93
11 93
0 48
0 32
36 93
0 46
40 93
77 93
73 93
85 93
81 93
39 93
71 93
41 17
60 93
84 93
78 93
1 93
43 93
33 93
3 93
53 93
12 93
35 93
38 93
18 93
92 93
69 93
58 93
75 93
0 41
57 93
48 93
70 93
17 93
23 93
49 93
0 93
14 93
46 93
10 93
52 93
90 55
72 93
27 93
19 93
62 93
64 93
68 93
7 93
41 93
79 93
56 93
86 93
65 93
32 93
37 63
25 93
26 93
21 93
63 93
87 93
59 93
4 93
51 93
91 93
28 93
42 93
9 93
0 37
16 93
66 93
20 93
24 93
45 93
0 79
22 93
31 93
