5
43
15
83
75
98
100
57 99
62 99
10 99
85 99
75 99
63 99
82 99
36 99
13 99
17 99
24 99
56 99
35 99
14 99
26 99
42 99
7 99
50 99
67 99
84 99
97 99
28 99
22 99
46 99
30 99
29 99
93 99
1 99
90 99
92 99
80 99
33 99
51 99
37 99
70 99
98 99
74 99
68 99
25 99
31 99
32 99
5 99
45 99
66 99
4 99
6 99
69 99
16 99
23 99
96 99
76 99
81 99
59 99
2 99
49 99
47 99
3 99
41 99
89 99
11 99
55 99
72 99
19 99
53 99
27 91
85 91
12 91
40 91
23 91
68 91
72 91
11 91
79 91
10 91
63 91
35 91
67 91
3 91
55 91
30 91
2 91
49 91
39 91
77 91
38 91
96 91
36 91
56 91
70 91
25 91
54 91
6 91
34 91
51 91
62 91
13 91
76 91
94 91
59 91
95 91
