5
76
30
44
84
89
100
0 99
39 99
64 99
68 99
10 99
94 99
0 73
92 99
67 99
97 99
15 99
35 7
45 7
82 7
75 7
9 7
85 83
93 83
92 83
60 83
97 29
0 95
47 83
0 6
0 25
54 83
34 83
94 83
0 8
0 1
35 29
54 29
71 32
71 1
57 29
71 34
70 41
70 36
28 29
61 29
70 47
79 34
40 96
17 96
64 96
70 66
80 96
21 96
79 45
79 3
79 12
28 66
8 66
86 66
77 98
77 28
49 5
49 27
56 66
63 66
49 59
68 3
14 3
11 3
49 40
51 3
37 3
16 3
60 3
36 80
26 54
34 54
86 54
19 54
28 54
68 65
36 39
36 53
12 65
4 65
59 16
14 16
1 42
36 55
47 42
68 42
36 22
58 42
85 1
81 41
85 88
85 21
85 27
85 17
85 90
85 48
19 2
19 23
19 63
19 53
