5
69
57
68
9
3
100
2 48
0 25
29 79
62 79
55 79
47 79
0 2
36 79
58 21
25 21
63 21
59 21
12 31
41 62
67 62
58 62
30 62
57 47
45 47
0 4
32 5
76 5
70 5
42 5
64 5
68 7
53 5
1 5
66 5
4 24
10 24
0 45
27 65
43 65
0 73
12 65
64 65
40 65
17 2
32 45
53 2
73 2
19 33
26 33
20 22
67 22
71 22
37 22
10 22
19 17
35 17
13 29
8 17
42 17
13 32
43 55
10 55
49 55
38 1
19 36
60 36
71 73
56 73
76 73
27 12
28 12
6 60
8 19
60 12
52 60
4 20
4 37
7 19
77 60
8 45
71 10
19 67
30 45
42 43
16 67
52 67
25 67
42 29
42 54
56 30
1 48
44 59
64 59
1 29
63 59
58 59
7 59
1 19
64 18
25 16
43 59
20 45
77 59
20 3
43 16
