5
5
2
4
36
44
100
10 96
30 96
83 96
92 96
0 25
61 96
59 96
62 96
0 94
0 73
81 96
45 96
77 96
40 96
69 96
53 96
76 96
31 96
54 96
89 96
78 96
67 96
72 96
43 96
3 96
50 96
71 96
47 96
0 96
21 96
34 96
87 96
64 96
17 96
18 96
75 96
86 96
32 96
25 96
51 96
95 96
80 96
8 96
33 96
55 96
60 96
84 96
23 96
38 96
70 96
0 89
13 96
0 49
35 96
79 96
82 96
42 96
19 96
52 96
26 96
22 96
16 96
74 96
63 96
20 96
46 96
14 96
28 96
24 96
1 96
7 96
37 96
91 96
85 96
48 96
39 96
68 96
88 96
73 96
15 96
90 96
27 96
58 96
49 96
41 96
29 96
57 96
56 96
11 96
9 96
93 96
12 96
94 96
66 96
6 96
30 65
13 65
39 65
0 55
37 65
