5
75
22
30
38
46
100
0 99
51 99
25 95
0 91
19 91
25 91
25 87
25 83
18 25
21 25
32 25
0 25
4 25
12 25
6 25
8 25
2 25
3 25
5 25
7 25
9 25
10 25
11 25
13 25
14 25
15 25
16 25
17 25
20 25
23 25
19 25
24 25
48 25
82 25
26 25
53 25
1 25
40 25
44 25
56 25
31 25
34 25
28 25
36 25
42 25
50 25
64 25
33 25
77 25
52 25
54 25
39 25
60 25
72 25
41 25
24 32
47 25
37 25
61 25
27 25
67 25
49 25
45 25
32 61
78 25
86 25
58 25
63 25
43 25
57 25
76 25
35 25
68 25
29 25
19 77
53 77
51 25
71 25
74 25
90 25
62 25
59 25
80 25
65 25
55 25
70 25
94 25
16 48
66 25
69 25
84 25
73 25
84 88
81 25
85 25
89 25
63 61
43 61
48 53
32 53
