5
23
51
28
59
36
100
43 90
3 90
60 90
64 90
2 90
84 90
11 90
75 90
39 90
14 90
27 90
85 90
52 90
82 90
78 90
50 90
80 90
24 90
33 90
18 90
34 90
9 90
48 90
1 90
10 90
26 90
5 90
70 90
63 90
20 90
0 90
25 90
61 90
68 90
4 90
16 90
62 90
6 90
72 90
35 90
69 90
37 90
30 90
7 79
79 90
47 90
54 90
65 90
12 90
74 90
55 90
57 90
81 90
40 90
46 90
13 90
45 90
15 90
44 90
77 90
67 90
58 90
22 90
66 90
7 90
73 90
17 90
53 90
29 90
32 90
86 90
0 56
38 90
56 90
31 90
76 90
42 90
0 65
19 90
88 90
49 90
71 90
21 90
87 90
8 90
89 90
83 90
0 41
20 41
9 41
54 41
88 41
53 41
72 41
57 41
81 41
15 41
19 41
24 41
31 41
