5
22
77
1
32
10
100
67 94
51 94
7 94
15 94
62 94
12 94
45 94
78 94
18 94
41 94
14 23
11 94
73 94
14 94
48 94
81 94
59 94
43 94
27 94
89 94
66 94
35 94
0 49
5 94
64 94
61 94
72 94
0 37
87 94
63 94
9 94
0 31
54 94
91 94
84 94
24 94
50 94
52 94
65 94
42 94
92 94
88 94
31 94
93 94
28 94
57 94
69 94
46 94
55 94
23 94
26 94
17 94
20 94
60 94
74 94
21 94
44 94
53 94
76 94
90 94
30 94
19 94
86 94
0 94
6 94
39 94
75 94
49 94
68 94
40 94
16 94
0 60
8 94
2 94
71 94
37 94
58 94
4 94
34 94
33 94
85 94
56 94
83 94
79 94
25 94
47 94
36 94
82 94
70 94
29 94
38 94
3 94
80 94
78 13
48 13
59 13
68 13
61 13
72 13
66 13
