5
11
46
85
64
47
100
67 77
89 99
77 87
89 98
73 82
76 86
31 32
13 23
2 12
86 96
97 98
78 88
51 61
86 87
87 88
97 88
38 48
78 79
27 28
68 69
59 69
77 78
68 78
96 87
94 95
10 20
0 1
76 77
67 68
58 68
4 5
13 14
58 59
39 49
48 49
48 58
57 58
57 67
66 67
22 23
66 76
74 75
65 75
66 75
74 84
51 52
34 43
60 61
83 84
93 84
92 93
63 73
82 83
74 83
92 83
72 73
4 14
55 65
55 56
22 32
57 56
66 65
21 31
22 31
21 30
12 21
30 40
13 22
37 28
18 28
3 12
3 13
31 41
40 50
37 38
19 29
17 8
17 18
27 18
41 32
9 19
8 18
41 42
43 44
16 7
6 7
26 17
60 70
41 51
50 51
42 33
42 32
42 52
43 33
43 53
62 63
52 62
52 53
53 44
54 45
