3
6
13
52
91
95 99
27 95
23 95
35 95
97 99
93 99
96 98
70 98
83 97
96 97
86 97
48 41
42 41
49 40
1 67
82 39
37 38
66 38
88 85
86 85
67 84
83 84
94 69
70 69
0 27
87 68
54 67
28 67
64 65
78 77
76 77
74 95
76 94
71 94
91 96
93 94
94 95
60 89
88 89
91 90
10 92
88 91
82 91
86 87
74 88
79 80
64 81
47 81
76 75
73 74
53 74
1 2
0 24
47 46
45 46
50 51
48 16
47 20
9 8
2 44
45 44
11 3
71 43
34 43
30 29
73 26
25 29
5 25
21 22
57 22
32 33
7 34
37 36
32 31
60 61
62 61
57 56
4 61
55 56
19 20
8 2
63 3
18 3
59 73
55 3
15 71
57 63
45 71
73 72
16 79
59 58
