5
38
31
49
55
76
100
11 96
64 96
40 96
74 96
18 96
21 96
94 96
32 96
5 96
20 96
78 96
9 96
58 96
61 96
80 96
34 96
82 96
10 96
29 96
25 96
89 96
88 96
70 96
95 96
28 96
65 96
42 96
75 96
30 96
54 96
51 96
4 96
90 96
36 96
91 96
86 96
26 96
27 96
79 96
85 96
6 96
57 96
43 96
22 96
63 96
0 74
45 96
52 96
8 96
7 96
81 96
87 96
72 96
0 27
62 96
56 96
0 89
53 96
23 96
19 96
14 96
35 96
67 96
92 96
47 96
17 96
0 26
3 96
69 96
24 96
37 96
16 96
1 96
48 96
0 96
41 96
77 96
12 96
0 18
68 96
39 96
46 96
60 96
83 96
2 96
93 96
33 96
73 96
50 96
78 44
15 96
71 96
44 96
59 96
66 96
0 5
13 96
91 84
78 28
0 40
