5
30
13
10
32
42
100
44 51
38 51
7 51
18 51
20 51
35 51
33 51
16 51
25 51
39 51
29 51
49 51
21 51
0 45
40 51
0 50
5 51
28 51
1 51
50 51
22 51
31 51
9 51
0 29
9 3
15 3
38 3
49 3
29 3
31 3
23 3
36 3
0 12
0 33
25 3
12 3
37 3
35 3
16 3
45 3
1 3
6 3
0 3
7 3
11 3
4 3
27 3
39 3
19 3
0 22
47 3
20 3
0 37
0 7
0 23
34 3
24 3
21 3
2 3
22 3
44 3
46 3
40 3
0 38
33 3
17 3
5 3
0 35
8 3
0 20
43 3
41 3
0 40
2 26
29 26
0 6
45 26
22 26
0 24
19 26
21 26
0 5
0 16
38 26
1 26
49 26
12 26
7 26
23 26
27 26
43 26
0 11
0 46
0 31
0 44
0 41
0 28
0 19
0 8
0 49
