5
72
93
6
29
27
100
26 99
44 99
38 99
96 99
35 99
73 99
15 99
0 89
46 89
80 99
36 97
75 23
25 21
0 81
21 23
0 66
58 91
52 23
44 23
88 60
46 58
73 60
18 60
0 87
11 16
34 49
17 10
33 49
7 58
68 69
43 69
88 31
17 46
76 31
38 3
53 22
90 39
71 39
38 56
65 39
48 89
41 89
47 57
44 89
4 89
28 18
77 89
14 89
57 25
37 24
77 24
33 50
86 32
73 32
85 13
37 13
64 13
75 13
8 18
62 53
82 52
91 52
68 53
44 37
15 66
78 66
40 10
26 51
94 51
96 51
75 51
82 51
67 51
84 11
64 11
92 11
19 88
5 88
87 30
29 88
85 88
85 68
36 42
48 42
63 56
41 5
98 61
30 7
92 9
29 9
36 98
43 98
56 34
95 4
77 4
75 19
38 70
8 19
28 62
47 83
