5
32
23
79
87
39
100
61 98
40 98
15 98
45 98
91 98
92 98
67 98
43 98
38 98
37 98
8 98
68 98
5 98
53 98
72 98
96 98
24 98
59 98
25 98
7 98
78 98
57 98
74 98
93 98
1 98
82 98
69 98
28 98
80 98
49 98
12 98
55 98
41 98
52 98
34 98
3 98
46 98
89 98
48 98
76 98
86 98
88 98
18 98
30 98
66 98
77 98
0 87
2 98
20 98
56 98
26 98
16 98
70 98
42 98
33 98
97 98
63 98
0 98
36 98
81 98
31 98
22 98
11 98
17 98
73 98
9 98
51 98
54 98
71 98
0 78
50 98
84 98
4 98
64 98
14 98
35 98
85 98
13 98
21 98
0 36
10 98
75 98
47 98
83 98
6 98
90 98
65 98
44 98
27 98
0 21
95 98
62 98
94 98
29 98
0 26
60 98
19 98
0 22
49 58
74 58
