5
43
46
34
12
14
100
67 70
7 89
0 67
83 89
82 89
70 89
0 88
44 58
7 69
30 10
13 10
48 71
48 72
57 18
7 56
7 79
41 81
52 18
50 18
53 18
33 18
87 51
41 78
73 69
41 6
65 45
17 51
2 51
38 51
27 64
73 65
28 61
82 49
45 67
88 61
52 59
37 64
26 56
57 80
2 8
85 21
80 8
13 55
33 55
60 55
37 69
80 69
66 69
5 69
39 77
76 77
87 16
85 45
37 16
52 16
15 16
3 16
76 67
4 63
25 63
66 63
9 63
68 63
86 45
85 32
71 30
53 30
9 30
68 60
53 52
57 36
72 6
57 42
35 6
24 6
20 25
26 36
87 36
57 49
57 4
19 23
71 83
15 23
33 23
86 23
24 29
87 29
26 13
2 13
32 13
44 72
44 71
37 66
28 78
42 17
37 42
28 22
74 5
42 88
31 33
