5
62
16
21
15
11
100
44 99
72 99
69 99
86 99
50 99
39 99
5 99
59 99
30 99
10 99
52 99
48 99
8 99
81 99
35 99
41 99
0 99
14 99
67 99
57 99
23 99
79 99
66 99
47 99
78 99
28 99
20 99
51 99
87 99
84 99
96 99
58 99
40 99
36 99
1 99
46 99
55 99
64 99
43 99
25 99
70 99
65 99
17 99
22 99
54 99
13 99
31 99
18 99
77 99
73 99
91 99
12 99
24 99
88 99
9 99
56 99
68 99
74 99
90 99
93 99
94 99
49 99
32 99
19 99
6 99
95 99
37 99
7 99
42 99
97 99
60 99
83 99
29 99
98 99
82 99
76 99
4 99
89 99
33 99
92 99
27 99
45 99
85 99
2 99
3 99
26 99
80 99
61 99
34 99
53 99
75 99
63 99
71 99
13 38
40 38
23 38
0 49
0 89
4 38
89 38
