5
15
78
81
71
6
100
41 93
58 93
0 28
33 93
90 93
48 93
7 93
89 93
70 93
47 93
0 87
42 93
20 93
4 93
3 93
5 93
53 93
29 93
68 93
0 62
70 43
88 43
7 43
39 43
82 43
27 43
58 43
25 43
74 43
18 43
66 43
68 43
62 43
30 43
79 43
55 43
51 43
4 43
59 43
50 77
28 77
67 77
61 77
2 77
41 77
25 77
45 77
10 77
0 41
60 77
92 77
34 77
69 77
90 77
44 77
21 77
57 77
29 77
91 80
17 80
0 58
0 70
59 80
75 80
0 80
31 80
40 80
1 80
0 18
49 80
62 80
58 80
70 80
29 51
56 80
90 80
24 10
33 10
63 10
34 10
51 10
2 10
62 10
0 48
44 10
0 50
0 73
0 88
37 10
55 10
61 10
21 10
69 10
4 85
72 10
0 35
0 4
0 74
0 21
0 1
