5
15
98
67
38
21
100
5 99
18 99
28 99
35 99
93 99
0 44
61 99
37 99
19 99
41 99
0 52
54 99
39 99
2 99
40 99
44 99
96 99
26 99
74 99
13 99
0 59
49 22
66 22
94 22
25 22
87 22
9 22
55 22
92 22
0 4
14 22
56 22
16 22
30 22
13 22
90 22
35 28
25 28
6 28
95 28
24 28
97 28
12 28
14 28
20 28
62 28
60 28
54 28
65 28
11 28
68 28
1 46
5 46
97 46
55 46
30 46
25 46
60 46
44 46
84 46
73 46
29 46
57 46
83 46
70 46
80 46
57 13
19 13
36 13
79 13
92 13
68 13
80 13
72 13
76 13
89 13
18 13
47 13
71 13
55 13
66 13
85 13
91 13
16 13
69 45
76 45
91 45
54 45
43 45
79 45
40 45
30 45
96 45
89 45
70 45
31 45
24 45
0 70
0 8
25 45
