5
26
71
51
37
79
100
0 72
15 82
60 82
52 82
18 82
54 82
62 82
35 82
17 82
23 82
73 82
70 82
4 82
72 82
14 82
0 38
77 82
2 82
42 82
53 82
63 82
44 82
6 82
64 82
13 82
33 82
67 82
0 21
0 62
57 82
35 9
31 9
66 9
34 9
0 15
61 9
6 9
49 9
23 9
62 9
48 9
53 9
45 9
43 9
72 9
36 9
59 58
60 58
80 58
34 58
77 58
56 58
28 58
35 58
12 58
36 58
53 58
29 58
2 58
46 58
72 58
55 58
19 58
20 58
67 58
44 58
10 58
33 58
43 58
16 58
48 15
70 15
11 15
39 15
17 15
1 15
3 15
4 15
14 15
47 15
33 15
24 15
32 15
78 15
28 15
36 15
52 15
41 15
56 15
53 15
50 15
64 35
11 35
69 35
81 35
45 35
38 35
0 12
0 54
0 74
