4
83
61
30
39
84
82 99
98 99
80 84
81 84
80 79
76 78
80 78
85 99
86 99
87 99
88 99
89 99
90 99
91 99
92 99
93 99
94 99
95 99
96 99
75 82
75 77
73 75
57 75
74 75
58 75
55 59
56 59
55 54
51 53
55 53
60 75
62 75
63 75
64 75
65 75
66 75
67 75
68 75
69 75
70 75
71 75
50 57
50 52
48 49
32 49
33 49
31 34
26 28
35 49
36 49
37 49
38 49
40 49
41 49
42 49
43 49
44 49
45 49
46 49
25 32
25 27
7 25
23 25
8 25
24 25
5 9
6 9
5 4
1 3
5 3
10 25
11 25
12 25
13 25
14 25
15 25
16 25
17 25
18 25
19 25
20 25
21 25
0 7
0 2
