5
9
49
54
19
11
100
0 14
21 73
0 73
0 55
7 73
5 73
0 39
58 73
71 73
69 73
68 73
20 73
3 73
15 73
62 73
13 73
59 73
8 73
1 73
43 73
67 73
63 73
40 73
47 73
23 73
46 73
55 73
50 73
0 15
35 73
45 73
28 73
57 73
16 73
27 73
25 73
18 73
10 73
72 73
31 73
24 73
48 73
65 73
2 73
53 73
22 73
37 73
26 73
29 73
34 73
56 73
38 73
70 73
14 73
41 73
44 73
30 73
39 73
36 73
51 73
60 73
42 73
12 73
17 73
32 73
61 73
33 73
66 73
4 73
6 73
52 73
0 33
16 64
37 51
45 64
1 64
37 64
5 64
48 64
0 64
39 64
26 64
68 64
7 64
59 64
72 64
50 64
63 64
58 64
67 64
4 64
18 64
13 64
12 64
31 64
24 64
20 64
70 64
21 64
34 64
