5
24
93
32
55
80
100
90 99
47 99
70 99
82 99
6 99
58 99
69 99
49 44
95 99
22 99
60 99
66 99
48 99
74 99
0 99
61 99
63 99
98 99
71 99
51 99
75 99
38 99
30 99
23 99
28 99
20 99
56 99
44 57
79 57
95 57
45 57
18 57
37 57
78 53
31 57
23 57
13 57
66 57
91 57
0 57
21 57
51 57
19 57
36 57
78 57
0 66
0 85
61 57
46 57
96 57
0 5
0 29
38 57
40 57
0 49
39 57
34 57
42 29
0 31
0 53
0 97
0 58
46 29
98 29
34 29
92 29
82 29
20 29
18 29
59 29
69 29
0 51
64 29
74 29
0 76
51 29
75 29
0 88
52 29
30 29
34 38
73 29
95 29
0 18
19 29
38 29
87 29
50 29
7 29
0 34
28 29
53 29
0 36
0 71
0 70
35 29
11 29
65 29
1 29
19 41
