5
26
49
15
90
93
100
0 35
79 99
70 99
53 99
44 78
55 13
33 13
46 66
47 66
30 66
19 56
80 56
10 56
61 56
30 56
48 32
77 32
41 32
29 18
98 25
6 68
96 91
48 27
4 27
28 82
62 82
12 82
36 82
40 86
11 86
61 94
21 94
38 94
98 94
8 60
9 42
72 6
2 87
42 87
62 87
69 87
30 87
73 87
79 87
62 85
44 85
35 3
40 3
88 42
62 42
89 42
84 42
55 7
68 53
10 7
41 53
7 53
70 53
43 75
62 38
48 84
20 84
92 44
52 44
41 23
34 2
89 2
65 41
17 12
43 12
36 12
7 12
4 78
51 1
33 1
77 65
37 62
58 62
28 70
74 6
73 6
39 92
45 92
17 37
73 33
54 33
69 33
39 33
29 46
8 46
59 61
11 61
52 61
50 61
0 72
83 11
83 16
54 19
54 28
54 9
