5
11
75
80
46
22
100
14 99
81 99
0 36
57 99
5 99
41 99
40 99
53 99
15 99
60 99
81 38
32 99
50 99
70 99
17 99
47 99
0 81
65 99
16 99
46 48
79 99
0 99
38 99
91 99
9 99
52 99
67 99
89 99
37 99
72 99
92 99
56 99
59 99
48 99
83 96
61 99
83 99
0 45
69 99
49 99
73 99
42 99
62 99
74 58
86 99
35 99
27 99
30 99
58 99
54 99
55 99
23 99
97 99
0 20
28 99
84 99
3 99
44 99
39 99
24 99
31 99
88 89
33 99
0 83
43 99
8 99
0 88
94 99
29 99
96 99
26 99
66 99
0 13
7 99
0 60
21 99
34 99
74 99
6 99
51 99
13 99
88 99
64 99
2 99
86 5
36 99
98 99
0 10
76 99
82 99
45 99
78 99
4 99
85 99
77 99
63 99
71 99
18 99
0 86
68 99
