5
35
49
11
16
5
99
52 53
32 36
54 60
50 53
48 51
54 51
32 40
33 47
46 52
48 52
36 40
46 40
39 40
47 42
37 42
32 33
37 39
46 42
47 43
44 38
43 42
43 39
38 39
38 33
27 30
28 30
12 30
13 30
18 30
29 30
29 26
27 26
25 26
22 26
28 24
10 14
27 23
15 19
23 26
24 26
2 28
1 28
27 28
29 28
21 25
27 25
22 25
23 25
24 25
2 29
3 29
1 29
1 27
20 24
21 24
23 24
18 22
14 17
19 22
20 22
21 22
19 23
20 23
10 12
8 12
9 12
13 17
10 13
7 9
6 9
8 9
19 21
17 21
20 21
15 18
14 18
17 18
13 15
13 14
19 18
17 20
12 15
7 10
6 10
0 8
4 8
6 8
0 7
4 7
6 7
0 3
6 3
1 3
2 3
0 4
1 4
6 4
0 2
1 2
