5
36
62
28
45
34
100
23 84
25 84
0 13
0 14
71 84
17 84
48 84
83 84
31 84
11 84
43 84
1 84
61 84
15 84
60 84
21 84
20 84
75 84
64 84
0 29
68 84
24 84
12 22
76 84
33 84
63 84
80 84
56 84
79 84
50 84
55 84
72 84
13 84
54 84
3 84
22 84
27 84
6 84
69 84
19 84
56 78
41 84
44 84
78 84
12 65
51 65
18 5
40 65
4 65
33 65
18 65
71 65
3 65
64 65
52 65
31 65
1 65
60 65
37 65
6 65
43 65
59 65
47 65
80 65
39 65
46 65
58 65
13 65
56 65
72 65
26 65
68 65
14 65
16 65
61 65
15 65
9 65
78 65
81 65
5 65
24 65
70 65
23 65
74 65
55 65
51 2
27 2
16 2
0 73
25 2
30 2
35 2
61 2
73 2
47 2
55 2
32 2
72 2
0 16
0 12
