3
50
61
44
91
84 99
22 99
79 99
0 51
77 95
0 37
72 95
85 35
0 65
66 38
72 38
81 34
39 34
26 86
56 74
45 42
72 74
15 94
27 94
91 13
90 13
77 2
28 2
45 84
25 20
75 9
29 82
54 20
75 24
6 93
47 93
8 82
78 7
19 3
24 3
21 59
18 6
5 89
14 89
12 17
52 17
78 26
30 91
64 76
30 96
31 76
15 96
7 31
44 98
52 98
90 42
14 53
90 53
37 28
23 83
80 58
73 83
10 69
71 46
9 23
77 32
36 32
5 43
39 62
14 62
63 68
63 48
54 51
57 21
56 81
65 11
55 11
25 68
55 27
33 8
87 41
16 92
60 64
60 66
57 4
67 47
36 16
70 40
24 88
58 46
65 33
48 88
25 1
47 18
9 12
80 71
