5
25
46
7
67
29
100
0 86
0 57
56 99
60 28
0 69
0 60
74 99
96 99
59 99
64 99
52 99
48 99
0 73
58 99
21 99
0 75
27 60
6 60
50 60
81 60
0 37
0 95
66 60
11 60
97 60
0 82
16 60
74 60
56 9
0 92
0 3
40 60
80 60
33 60
32 91
17 91
55 91
56 91
72 91
40 91
89 91
39 91
28 91
26 91
51 91
61 91
77 91
97 91
44 91
70 91
93 65
72 65
57 65
90 65
50 65
8 65
15 62
32 62
56 49
10 62
90 62
56 41
56 1
56 62
56 75
72 62
61 62
74 62
73 62
84 62
8 62
47 62
2 62
82 62
26 62
19 57
24 57
42 57
87 57
39 57
56 4
92 57
76 57
56 81
18 57
22 57
73 57
31 57
58 57
44 57
56 18
51 37
49 57
51 55
51 14
51 54
51 43
51 95
51 58
51 19
