5
59
41
98
1
11
100
0 99
65 99
38 99
71 99
63 99
48 99
94 99
27 99
9 99
12 99
60 99
3 99
31 99
16 99
67 99
23 99
91 99
19 99
15 99
80 99
73 99
14 99
86 99
18 99
33 99
44 99
82 99
85 99
40 99
45 99
39 99
32 99
64 99
21 99
90 99
68 99
6 99
20 99
66 99
8 99
34 99
49 99
96 99
46 99
51 99
61 99
89 99
52 99
37 99
93 99
25 99
28 99
83 99
4 99
87 99
10 99
75 99
58 99
7 99
56 99
84 99
0 22
24 99
97 99
78 99
88 99
29 99
79 99
42 99
2 74
14 74
80 74
67 74
54 74
40 74
94 74
43 74
38 74
57 74
35 74
60 74
12 74
51 74
21 74
34 74
81 74
50 74
66 74
23 74
3 74
77 74
30 74
64 74
18 74
72 74
16 74
62 74
82 74
45 74
0 15
