5
58
67
15
43
37
100
0 60
13 71
28 71
10 71
4 71
5 71
26 71
47 71
68 71
45 71
55 71
64 71
29 71
2 71
46 71
0 20
42 71
54 71
48 71
70 71
60 71
51 4
7 71
44 71
34 71
19 71
51 71
40 71
30 71
49 71
14 71
57 71
24 71
9 71
32 71
56 71
8 71
23 71
18 71
41 71
35 71
17 71
3 71
6 71
27 71
50 71
12 71
39 71
22 71
33 71
31 71
0 65
50 65
27 25
16 65
29 65
14 65
44 65
25 65
47 65
26 65
12 65
28 65
34 65
52 65
64 65
30 65
48 65
45 65
57 65
18 65
70 65
63 65
42 65
24 65
0 47
23 65
17 65
27 65
33 65
35 65
39 65
49 65
55 65
40 65
66 65
3 65
2 65
62 65
36 65
0 40
0 1
60 65
9 65
0 17
5 65
54 65
38 65
6 65
22 65
