5
12
55
90
65
26
100
39 94
6 94
3 94
29 94
84 94
74 94
38 94
41 94
9 94
25 94
70 94
69 94
0 87
62 94
13 94
1 94
73 94
67 94
15 94
0 14
0 24
0 19
0 67
71 94
32 94
87 94
86 94
17 94
5 94
91 94
7 94
0 47
63 94
4 94
2 94
82 94
52 94
49 94
35 94
21 94
19 94
8 94
28 94
60 94
40 94
44 94
18 94
47 94
81 94
45 94
14 94
53 94
0 42
76 94
77 94
37 94
79 94
46 94
0 32
0 82
43 94
11 94
22 94
57 94
51 94
0 77
16 94
68 94
42 94
0 81
72 94
48 94
0 94
0 29
0 43
0 71
0 63
31 94
58 94
66 94
54 94
0 93
36 94
92 94
64 94
89 94
23 94
61 94
27 94
56 94
78 94
59 94
88 94
10 94
0 60
80 94
24 94
0 17
0 61
0 92
