3
69
94
49
85
0 5
95 97
75 80
76 81
7 12
2 4
5 10
7 9
3 8
6 11
38 43
34 39
90 92
82 87
70 75
67 72
78 83
70 72
46 51
6 8
16 18
85 87
74 79
75 77
78 80
71 76
68 73
77 82
84 89
86 91
93 91
88 93
79 81
84 86
85 90
83 88
64 66
61 66
63 68
60 65
63 65
57 62
60 62
54 59
57 59
56 61
53 58
56 58
50 55
57 55
48 53
47 52
45 50
46 48
45 43
36 41
37 39
39 41
13 18
9 14
27 32
33 35
37 42
40 42
35 40
33 38
34 36
26 31
29 31
26 28
23 28
25 30
32 30
24 29
22 27
15 20
23 25
22 20
16 21
19 21
11 13
19 24
12 17
19 17
10 15
