5
54
38
28
36
20
100
50 53
51 52
14 49
0 17
0 2
22 49
7 49
40 9
41 49
9 49
6 49
33 49
16 49
42 49
8 49
27 49
2 49
31 49
40 49
4 49
11 49
0 49
0 22
1 49
0 44
25 49
39 49
13 49
18 49
44 49
47 49
15 49
26 49
0 14
19 49
10 49
34 49
48 49
43 49
12 49
0 37
3 49
24 49
40 10
46 49
0 40
0 26
29 49
37 49
18 46
17 49
30 49
9 12
32 49
23 49
21 49
45 49
6 35
30 35
3 35
11 35
45 35
37 35
9 35
34 35
21 35
12 35
22 35
1 35
0 35
46 35
32 35
47 35
0 7
24 35
43 35
7 35
11 18
15 35
42 35
40 35
16 35
13 35
17 35
4 35
0 34
23 35
18 35
48 35
44 35
10 35
0 30
14 35
19 35
44 39
26 35
25 35
29 35
8 35
39 35
