5
83
90
69
66
73
100
96 99
84 87
84 85
41 43
40 43
39 43
38 43
97 99
78 84
81 84
71 84
89 98
84 88
95 99
86 91
86 89
80 84
67 84
57 64
47 64
14 21
4 21
37 42
35 42
34 42
31 36
40 36
21 23
21 25
21 24
22 26
61 64
50 64
58 64
18 21
7 21
15 21
94 98
86 93
92 98
93 98
96 91
86 94
87 91
97 91
95 91
88 91
92 85
74 84
77 84
82 67
81 67
79 72
74 72
78 72
80 72
76 72
77 81
78 81
76 81
71 81
79 81
71 74
67 74
68 75
68 70
82 65
94 85
93 85
92 87
97 89
95 93
92 96
92 95
97 93
94 96
95 89
87 89
88 89
65 74
70 74
65 75
76 80
70 80
79 80
67 78
79 78
65 71
76 71
77 71
67 70
82 70
68 79
67 79
82 77
27 29
68 76
28 29
22 28
92 88
