5
57
41
16
43
58
100
36 91
32 91
33 91
40 91
18 91
0 70
64 91
11 91
19 91
50 91
21 91
0 80
88 91
83 91
39 91
90 91
28 91
70 91
9 91
30 91
48 91
89 91
42 91
31 91
85 91
8 91
34 91
7 91
82 91
26 91
81 91
56 91
0 17
0 19
0 91
37 91
67 91
0 34
86 91
15 91
77 91
74 91
14 91
63 91
17 91
0 20
0 63
20 91
24 91
1 91
75 91
72 91
37 56
35 91
68 91
53 91
78 91
58 91
25 91
2 91
4 91
69 91
73 91
59 91
80 91
66 91
46 91
45 91
71 91
54 91
55 91
0 88
65 91
38 91
3 91
52 91
47 91
22 91
49 91
6 91
87 91
10 91
29 91
79 91
51 91
13 91
44 91
27 91
84 91
62 91
61 91
5 91
60 91
76 91
12 91
28 23
29 23
7 23
13 23
17 23
