5
63
80
7
62
90
100
0 43
68 99
0 19
17 99
0 21
34 99
3 99
6 99
0 31
11 99
12 99
2 99
93 99
43 99
0 13
0 89
46 99
56 99
0 36
0 57
10 99
97 99
58 99
52 99
64 99
95 99
0 5
96 99
0 40
23 99
42 99
0 60
72 99
0 59
69 99
92 99
54 99
13 99
36 99
5 99
31 99
0 88
37 99
41 99
15 99
0 33
71 99
59 99
14 99
25 38
28 99
98 99
82 99
22 99
8 99
46 29
29 99
4 99
73 99
0 68
9 99
18 99
86 99
76 99
94 99
19 99
0 99
83 99
25 99
47 99
40 99
24 99
60 99
0 45
67 99
55 99
70 99
35 99
50 99
78 99
51 99
57 99
32 99
27 99
88 99
0 61
33 99
39 99
79 99
87 99
65 99
21 99
20 99
75 99
81 99
0 94
0 54
0 3
0 70
0 51
