3
1
96
14
89
0 99
97 98
41 91
4 98
45 46
47 46
91 90
89 90
41 97
59 80
5 80
55 80
81 80
41 42
25 24
32 80
69 80
72 78
75 76
26 76
42 43
40 25
4 43
38 33
64 91
36 35
64 65
25 45
62 61
55 56
89 56
86 57
58 57
73 57
24 91
60 57
91 3
4 3
87 2
10 2
53 54
17 16
35 16
68 69
30 71
71 69
4 70
24 72
53 73
75 74
7 4
88 5
11 6
21 9
11 10
20 89
50 51
87 88
84 83
17 52
84 82
12 82
52 81
13 12
67 23
87 23
21 22
19 20
49 48
33 75
51 75
53 52
65 66
29 52
84 51
18 59
27 26
97 13
58 91
92 91
48 61
30 31
93 31
87 59
66 67
31 35
67 86
33 34
53 84
