5
63
22
2
11
31
100
98 99
52 99
0 24
19 99
53 99
83 99
75 99
36 99
50 99
76 99
82 99
70 99
20 99
21 99
89 99
87 99
29 99
51 99
88 99
80 99
69 99
8 99
7 99
18 99
42 99
61 99
57 99
85 99
5 99
39 99
32 99
92 99
91 99
44 99
93 99
71 99
66 99
40 99
81 99
45 99
54 99
24 99
34 99
16 99
67 99
9 99
17 99
0 23
10 99
90 99
0 57
95 99
56 99
1 99
41 99
30 99
37 99
25 99
15 99
12 99
65 99
48 99
27 99
3 99
86 99
0 40
77 99
55 99
62 99
4 99
47 99
13 99
0 69
72 99
96 99
0 59
97 99
0 99
0 3
0 27
33 99
43 99
38 99
64 99
28 99
59 99
68 99
73 99
58 99
78 99
49 99
23 99
79 99
14 99
0 95
0 52
84 99
26 99
6 99
0 7
