5
51
63
68
4
5
100
75 99
16 99
12 99
0 11
0 46
32 99
15 99
0 62
36 99
84 99
37 99
97 99
0 48
39 99
0 52
0 57
0 55
0 93
92 99
0 83
2 99
30 99
23 99
0 2
80 99
95 99
9 99
42 99
55 99
27 99
0 71
17 99
6 99
0 18
20 99
0 87
58 99
78 99
87 99
0 64
54 99
56 99
0 38
82 99
76 99
26 99
0 99
0 60
33 99
91 99
14 99
45 99
64 99
0 61
0 21
47 99
43 99
40 99
71 99
72 99
96 99
29 99
0 45
59 99
90 99
38 99
8 99
61 99
93 99
49 99
69 99
22 99
0 91
86 99
13 99
34 99
1 99
0 72
60 99
83 99
0 58
21 99
0 15
41 99
25 99
73 99
67 99
89 99
79 99
70 99
0 29
0 32
0 67
0 76
0 17
0 50
0 53
0 44
0 24
0 80
