5
2
82
75
4
26
100
0 91
74 91
29 91
13 91
46 91
42 91
77 91
18 91
27 91
88 91
25 91
34 91
9 91
76 91
47 91
83 91
87 91
70 91
7 91
85 91
14 91
80 91
37 91
61 91
56 91
52 91
12 91
60 91
79 91
40 91
84 91
89 91
35 91
44 91
48 91
28 91
90 91
63 91
66 91
19 91
36 91
51 91
43 91
62 91
78 91
58 91
16 91
5 91
0 33
21 91
3 91
81 91
0 70
49 91
33 91
65 91
57 91
6 91
64 91
38 91
55 91
20 91
67 91
1 91
45 91
22 91
32 91
54 91
72 91
8 91
41 91
68 91
39 91
73 91
17 91
59 91
23 91
10 91
11 91
50 91
86 91
24 91
30 91
53 91
15 91
71 91
31 91
71 69
50 69
32 69
77 69
78 69
84 69
39 69
30 69
68 69
1 69
73 69
64 69
0 12
