5
86
96
35
93
15
100
0 99
0 85
19 99
57 99
53 99
23 99
0 87
2 99
31 99
85 99
89 99
44 99
71 99
38 99
58 99
90 99
4 99
87 99
30 99
33 99
10 99
52 99
74 99
67 99
41 99
37 99
17 99
43 99
88 99
0 55
51 99
0 42
0 19
54 99
3 99
79 99
48 99
7 99
80 99
0 92
83 99
0 1
77 99
0 84
0 98
26 99
55 99
20 99
68 99
29 99
12 99
21 99
36 99
6 99
67 65
85 65
88 65
40 65
0 50
43 5
94 65
74 65
0 65
14 65
38 65
39 65
42 65
8 65
10 65
50 65
28 65
77 65
5 65
54 65
6 65
63 65
37 65
53 65
20 65
61 65
19 65
87 65
4 65
32 65
9 65
73 65
13 65
52 65
75 65
25 65
57 65
38 33
41 33
80 33
83 33
49 33
20 33
97 33
0 26
0 62
