5
44
50
83
42
61
100
0 1
6 99
0 31
80 99
72 99
25 99
88 99
75 99
0 6
49 99
0 64
53 99
87 99
9 99
2 99
70 68
73 99
66 99
34 99
0 17
82 99
71 99
15 99
68 99
35 99
38 99
84 99
0 71
86 99
43 99
62 99
10 99
79 99
20 99
85 99
0 87
52 99
0 98
12 99
27 99
98 99
92 99
90 99
95 99
56 99
24 99
63 99
39 99
1 99
31 99
0 13
5 99
75 67
80 67
13 67
60 67
91 67
21 67
37 67
92 67
9 67
25 67
0 67
48 67
32 67
55 67
26 67
47 67
4 67
72 67
33 67
31 67
22 67
35 67
88 67
23 67
68 67
95 67
46 67
64 67
8 67
27 67
74 67
2 67
90 67
0 92
6 67
70 67
0 12
30 67
0 51
0 3
0 88
0 28
0 89
0 94
0 29
0 80
0 41
0 54
