5
42
32
18
57
69
100
87 97
65 91
0 10
23 97
2 97
59 97
24 97
0 65
14 97
9 97
45 97
38 97
30 97
62 97
0 84
3 97
0 4
0 19
90 97
0 79
36 97
0 95
56 97
23 5
76 97
0 20
5 97
81 97
47 97
16 97
4 97
61 97
86 97
58 97
25 97
49 97
37 71
31 71
82 71
0 71
4 71
73 71
44 71
26 71
67 71
92 95
49 71
13 71
66 71
55 71
90 71
93 71
68 71
81 71
17 71
62 71
3 71
85 71
43 71
67 41
83 72
90 72
38 72
74 72
49 72
27 72
66 72
47 72
10 72
17 72
15 72
85 72
64 72
0 45
44 72
75 72
84 72
16 72
89 72
46 67
20 72
94 72
86 72
3 72
79 72
93 72
95 50
15 50
67 50
9 50
13 50
70 50
26 50
65 50
79 50
17 51
58 50
41 85
0 17
0 75
