5
25
42
11
52
41
100
17 54
0 40
40 54
34 54
19 54
26 54
20 54
38 54
29 54
33 54
10 54
18 54
6 54
35 54
14 54
46 54
22 54
8 54
44 54
0 21
5 54
47 54
43 54
27 54
32 54
45 54
0 10
23 54
0 47
21 54
15 54
0 15
0 44
0 8
2 54
51 54
1 54
50 54
16 54
36 54
48 54
12 54
0 5
53 54
30 54
21 49
40 49
43 49
1 49
33 49
10 49
48 49
16 49
0 9
23 49
0 35
0 46
4 49
0 17
0 36
27 49
0 49
24 49
22 49
45 49
50 49
0 45
29 49
47 49
12 49
26 49
6 49
2 49
30 49
0 23
0 19
44 49
20 49
0 18
0 24
9 49
53 49
0 20
0 33
0 48
0 13
0 14
34 49
32 49
51 49
35 49
3 49
0 22
0 12
0 16
0 43
0 7
0 34
39 23
39 29
