5
24
51
67
46
26
100
52 97
61 97
80 6
49 97
50 97
21 49
76 97
85 97
69 97
68 97
77 97
0 21
91 97
60 97
70 97
0 16
53 97
90 97
58 97
83 97
95 97
0 1
55 97
87 97
79 97
84 97
75 97
56 97
72 97
86 97
54 97
74 97
71 97
80 97
63 97
66 97
94 17
78 97
73 97
65 97
62 97
64 97
93 97
92 97
57 97
59 97
89 97
94 97
81 97
0 28
82 97
88 97
0 7
19 96
15 96
2 96
10 96
44 96
10 71
23 96
25 96
28 96
17 96
41 96
45 96
32 96
9 96
31 96
48 96
18 96
0 14
34 96
35 96
42 96
12 96
33 96
10 58
0 5
14 96
22 96
27 96
86 45
4 96
43 96
38 96
36 96
11 96
37 96
5 96
30 96
16 96
7 96
47 96
3 96
39 96
40 96
20 96
13 96
8 96
6 96
