5
42
40
8
16
95
100
38 99
11 99
0 44
90 99
84 99
76 25
6 99
17 99
66 99
0 56
94 99
10 99
0 96
55 99
75 99
63 99
0 76
4 32
98 99
74 99
71 99
79 99
68 99
41 99
36 4
21 99
73 99
65 99
61 83
34 99
87 99
86 99
56 99
32 99
60 99
30 99
9 99
0 36
19 99
66 4
53 99
48 99
0 99
64 99
2 99
1 99
29 99
47 99
78 99
18 99
13 99
37 99
0 17
28 99
62 99
5 99
7 99
74 73
85 99
35 99
0 15
22 99
0 77
91 99
88 99
0 39
92 99
67 99
82 99
69 99
58 99
22 12
76 99
0 63
26 99
50 99
25 99
93 99
14 99
83 99
12 99
0 18
31 43
0 66
0 74
1 43
45 43
49 43
72 43
44 43
71 43
81 43
87 79
0 86
53 43
4 43
0 43
24 43
96 43
47 43
