5
12
75
8
16
49
100
27 99
20 99
36 99
35 99
25 99
45 99
33 99
51 99
15 99
29 99
32 99
10 99
77 99
64 99
98 99
79 99
39 99
46 99
7 99
92 99
50 99
24 99
39 89
73 99
57 99
47 99
28 99
42 99
71 99
40 99
22 99
0 99
38 99
21 99
61 99
0 1
54 99
56 99
26 99
97 99
65 99
6 99
89 99
76 99
88 99
62 99
93 99
0 25
74 99
83 99
96 99
55 99
91 99
23 99
0 20
81 99
30 99
0 36
70 99
3 99
52 99
34 99
18 99
44 99
17 99
31 99
1 99
68 99
43 99
58 99
90 99
0 26
0 72
63 99
0 23
60 99
78 99
86 99
82 99
37 99
0 51
9 99
4 99
0 85
84 99
11 99
95 99
67 99
80 99
94 99
72 99
48 99
85 99
19 99
53 99
87 99
0 59
0 29
0 39
0 15
