2
83
59
89
55 99
19 99
2 95
54 95
84 8
0 18
0 42
78 34
13 27
27 34
81 58
81 47
13 68
48 5
27 5
88 89
24 15
7 44
35 44
23 75
16 71
51 55
61 71
87 11
51 25
50 11
21 8
39 26
36 43
78 7
45 57
93 57
37 63
31 90
12 90
70 23
36 24
1 2
3 52
79 52
37 22
54 29
88 29
94 93
97 14
48 79
48 14
41 76
41 20
96 33
31 33
66 19
38 3
86 92
35 94
9 15
9 28
22 25
17 20
43 30
92 30
70 68
62 32
65 73
46 60
69 17
45 91
74 32
97 67
77 80
43 56
6 80
61 63
91 56
73 6
10 58
97 18
82 72
62 53
63 72
62 38
12 49
61 49
21 82
40 77
40 85
1 86
76 28
39 10
