5
11
30
35
19
15
100
47 48
5 8
0 1
83 86
41 44
12 13
42 43
41 43
93 96
90 96
95 96
94 96
85 86
41 45
43 45
44 45
43 46
44 46
47 46
38 39
61 62
59 63
58 62
59 62
40 39
45 50
45 46
45 48
49 50
48 51
55 56
28 32
31 32
23 29
20 25
16 21
13 18
37 39
36 39
42 39
36 37
42 41
40 41
36 41
36 38
37 41
40 38
37 38
40 42
62 65
58 64
62 64
58 63
50 56
51 52
50 54
51 53
50 53
52 56
52 53
18 22
18 21
55 57
53 58
53 56
20 24
20 21
60 56
61 56
58 56
57 56
14 16
12 16
13 16
12 17
18 20
49 46
49 48
51 50
20 22
23 24
80 84
62 63
2 3
2 1
62 67
4 6
4 5
23 25
4 3
1 3
1 5
1 7
52 54
55 53
6 7
17 16
6 8
6 9
6 5
