5
60
13
86
2
85
100
24 99
68 99
0 24
63 99
89 99
65 99
12 99
53 99
98 99
7 99
9 99
62 99
0 45
46 99
26 99
82 99
25 99
54 99
0 80
1 99
20 99
15 99
45 99
18 99
84 99
41 99
87 99
57 99
31 99
72 99
0 89
67 99
78 99
77 99
0 63
0 46
21 99
93 99
48 99
83 99
42 99
36 99
80 99
0 17
52 99
14 99
33 99
88 99
29 99
22 99
75 99
0 33
64 99
6 99
79 99
34 99
97 99
59 99
74 99
70 99
32 99
58 99
10 99
37 99
90 99
11 99
96 99
17 99
0 99
55 99
8 99
91 99
56 99
3 99
28 99
95 99
51 99
35 99
47 99
76 99
49 99
16 99
44 99
0 3
27 99
23 99
66 99
92 99
71 99
94 99
81 99
4 99
69 99
43 99
38 99
50 99
61 99
0 79
0 35
0 96
