5
42
76
68
16
77
100
49 99
5 99
79 99
0 52
0 18
0 23
0 33
0 13
0 8
0 43
14 99
32 52
66 99
92 99
35 99
44 99
94 99
81 99
96 99
7 99
9 99
32 13
3 99
6 99
59 99
23 99
95 99
70 99
82 99
51 99
93 99
53 99
38 99
85 99
28 99
12 99
4 99
63 99
31 99
87 99
45 99
32 99
0 99
26 99
89 99
40 99
64 99
50 99
11 99
72 99
55 99
0 54
24 99
22 99
29 99
15 99
75 99
0 28
0 46
0 10
0 50
0 98
54 99
84 99
33 99
62 99
36 99
91 99
88 99
95 71
71 99
98 99
20 99
39 99
41 99
39 56
27 99
39 46
66 83
61 99
80 99
47 99
17 99
56 99
86 99
30 99
57 99
0 39
0 25
0 2
52 99
13 99
8 99
78 99
69 99
65 99
21 7
10 99
19 99
2 99
