5
83
86
74
82
65
100
84 99
94 99
11 23
0 46
50 13
40 99
25 99
93 99
28 99
55 99
2 99
0 99
78 99
0 13
0 76
0 64
47 99
59 99
0 68
57 99
66 99
39 99
94 17
7 99
60 99
0 88
26 99
89 99
4 99
30 99
50 99
91 99
73 99
36 99
0 78
72 99
0 31
87 99
92 99
20 99
70 99
0 94
0 2
15 99
81 99
71 99
85 99
38 99
24 99
0 61
64 99
58 99
0 30
19 99
21 99
45 99
61 99
10 99
77 99
12 99
69 99
35 99
56 99
42 99
75 99
88 99
62 99
46 99
6 99
68 99
51 99
5 99
3 99
44 99
22 99
80 99
90 99
13 99
1 99
0 29
14 99
49 99
63 99
33 99
8 99
32 99
96 99
43 99
11 99
27 99
97 99
18 99
23 99
41 99
76 99
67 99
79 99
29 99
0 15
37 99
