5
76
37
8
3
5
100
84 88
83 88
15 88
64 88
74 88
35 88
63 15
0 34
30 88
44 57
75 88
40 88
87 88
23 88
53 88
0 48
44 48
16 88
28 88
0 63
10 88
6 88
42 88
44 25
48 88
66 88
77 88
67 88
2 88
27 88
46 88
86 88
50 88
18 88
17 88
59 88
55 88
54 88
6 56
14 88
80 88
68 88
31 88
79 88
36 88
39 88
78 34
59 34
51 34
85 34
0 44
84 34
87 34
18 34
58 34
68 34
67 34
22 34
1 34
28 34
66 34
42 34
40 34
73 34
70 34
35 34
16 34
20 34
65 34
30 34
0 23
38 34
46 34
13 34
54 34
14 34
53 34
74 34
24 34
10 34
0 64
0 85
0 2
31 34
60 44
4 44
52 44
18 44
72 44
70 44
73 44
46 50
12 44
2 44
36 44
17 44
31 44
7 44
71 77
0 6
