5
75
1
49
85
33
100
0 99
34 99
24 99
14 99
90 99
25 99
81 99
62 99
22 99
32 99
46 99
67 99
37 99
70 99
47 99
79 99
54 99
73 99
66 99
0 23
58 99
39 99
96 72
72 99
88 99
38 99
89 99
40 99
0 44
64 99
23 99
83 99
3 99
71 99
0 15
13 99
15 99
12 99
93 99
0 60
84 99
69 99
80 99
4 99
59 99
77 99
52 99
86 99
16 99
45 99
30 99
42 99
57 99
43 99
7 99
31 99
0 98
33 99
65 99
41 99
20 99
97 99
61 99
0 35
44 99
91 99
9 99
17 99
5 99
96 99
11 99
0 55
2 99
35 99
19 99
63 99
92 99
26 99
50 99
56 99
53 99
6 99
28 99
60 99
29 99
10 99
48 99
74 99
36 99
76 99
0 79
98 99
27 99
78 99
68 99
87 99
18 99
55 99
21 99
82 99
