5
91
75
10
94
90
100
0 5
60 69
92 99
98 99
96 99
95 99
93 99
67 76
89 97
88 97
78 84
95 97
92 97
93 97
98 97
89 96
98 96
87 96
92 96
88 96
85 89
87 89
95 96
92 93
89 93
86 93
74 77
80 84
70 78
87 93
85 93
84 93
88 93
98 93
88 95
72 80
67 74
4 12
0 7
37 44
30 38
19 25
52 53
44 51
48 53
51 54
45 54
53 60
86 95
89 95
79 84
72 78
69 78
87 95
84 92
85 92
92 95
92 98
88 89
83 89
80 89
81 89
84 89
86 89
82 89
83 92
86 92
87 92
79 88
87 88
84 88
74 78
85 88
83 88
86 88
80 88
81 88
76 82
81 82
78 82
86 82
74 82
87 82
79 82
73 82
84 82
77 82
85 82
80 82
81 83
74 83
78 83
87 83
85 83
76 83
79 83
77 83
84 83
80 83
80 86
