5
59
20
43
22
3
100
0 27
17 95
16 95
70 95
54 95
83 95
81 95
2 95
57 95
33 95
18 95
63 95
26 95
71 95
10 95
29 95
40 95
25 95
7 95
87 95
23 95
5 95
68 95
35 95
21 95
73 95
79 95
37 95
88 95
13 95
8 95
91 95
69 95
90 95
9 95
19 95
93 95
24 95
89 95
11 95
94 95
32 95
47 95
65 95
60 95
64 95
41 32
39 95
61 95
51 95
14 95
67 95
4 95
76 95
36 95
85 95
41 95
49 95
50 95
48 95
38 95
1 95
30 95
66 95
27 95
12 95
58 95
80 95
62 95
72 95
46 95
74 95
31 95
6 95
84 95
82 95
86 95
0 95
77 95
75 95
28 95
34 95
42 95
44 95
92 95
45 95
52 95
55 95
53 95
56 95
78 95
26 15
0 88
12 15
21 15
64 15
2 15
19 15
63 15
13 15
