2
12
22
91
42 44
27 30
26 29
34 36
0 2
0 3
1 2
1 3
43 44
4 6
7 10
8 11
7 9
2 5
33 35
7 8
3 6
5 8
7 6
29 31
28 30
6 8
9 11
4 5
3 5
50 53
46 49
9 10
51 52
50 52
47 49
50 49
48 49
48 51
47 50
45 48
47 48
44 46
43 46
47 46
42 45
44 45
43 45
38 41
42 41
37 40
39 41
40 41
42 43
38 40
42 40
38 39
36 39
34 37
38 37
35 37
21 24
28 31
29 32
33 36
34 35
33 32
21 23
19 20
14 17
13 16
35 36
27 29
26 28
23 25
23 26
14 16
15 18
15 17
13 15
11 14
10 13
30 32
31 32
31 34
30 33
27 28
24 25
26 25
24 27
17 20
21 20
16 18
17 18
16 19
19 18
