5
61
81
75
38
79
100
66 99
53 99
65 99
60 99
73 99
67 99
0 34
86 99
62 99
58 99
85 99
72 99
68 99
80 99
84 99
64 99
83 99
90 99
89 99
78 99
0 43
76 99
97 99
93 99
87 99
88 99
0 27
92 99
82 99
94 99
98 99
95 99
72 91
45 91
60 91
73 91
53 91
66 91
47 91
51 91
63 91
48 91
70 91
80 91
74 91
58 91
71 91
59 91
78 91
84 91
69 91
0 41
76 91
86 91
92 91
87 91
8 49
98 91
93 91
90 91
97 91
89 91
83 91
94 91
32 66
95 91
50 88
66 88
72 88
0 32
45 88
55 88
63 88
78 88
54 88
70 88
74 88
62 88
48 88
71 88
43 88
69 88
67 88
97 88
85 88
96 88
92 88
95 88
87 88
93 88
83 88
89 88
90 88
84 88
49 98
72 98
0 26
0 20
51 98
50 98
