4
73
31
55
76
100
40 99
2 99
49 99
32 94
16 35
0 95
0 4
0 14
87 35
0 85
0 32
5 93
0 3
71 93
48 22
68 1
68 45
17 94
68 88
54 93
68 17
34 61
34 59
56 26
19 93
49 93
58 13
44 13
56 12
11 13
64 13
71 13
72 13
10 30
43 30
20 30
18 30
6 11
41 2
53 11
10 36
34 38
43 36
56 86
60 36
28 83
5 94
5 33
5 40
92 36
84 36
58 32
43 95
23 95
59 95
67 95
46 65
53 95
1 95
91 88
7 57
96 57
79 57
28 45
70 45
8 33
39 28
16 28
88 47
50 47
4 3
91 67
78 72
91 25
6 72
67 72
63 4
79 81
39 81
9 7
12 81
62 51
98 81
83 81
54 85
79 85
37 85
62 22
43 83
62 89
86 23
89 23
53 14
88 23
38 23
42 78
53 41
69 94
53 49
20 41
