5
66
74
4
11
96
100
0 29
2 99
70 99
0 99
75 99
23 99
91 99
76 99
0 49
63 99
0 8
0 91
79 99
10 99
98 99
0 45
23 41
54 41
10 41
52 41
76 41
62 41
70 41
28 41
8 41
22 41
0 20
19 43
27 43
59 43
8 43
93 43
89 43
55 43
23 43
78 43
79 43
70 42
3 42
35 42
18 42
39 42
65 42
62 42
44 42
91 42
47 42
73 63
81 63
48 63
76 63
18 24
3 24
57 63
3 63
77 63
65 63
8 63
53 63
64 63
10 63
90 63
30 63
37 24
8 24
68 24
78 24
61 24
85 24
38 51
39 51
59 51
40 51
53 51
15 51
6 51
8 51
7 51
44 28
0 65
88 28
89 28
9 28
85 28
65 28
0 57
59 28
23 28
61 28
16 28
47 28
68 28
72 28
48 28
81 38
48 38
84 38
90 38
55 38
0 3
